# name/game/hands/seed matchName holdem.nolimit.2p.reverse_blinds.game 1000 0
#--t_response 600000
#--t_hand 600000
#--t_per_hand 7000
STATE:0:cr260f:5d5c|9hQd:100|-100:Alice|Bob
STATE:1:cc/r19189r20000f:6sKs|5dJd/2sTh2h:-19189|19189:Bob|Alice
STATE:2:f:Ah8s|2h4c:50|-50:Alice|Bob
STATE:3:f:4s8s|6hJd:50|-50:Bob|Alice
STATE:4:r10785c/cr11292c/cc/cc:5s4c|Kc7d/KsAsJd/Th/7h:-11292|11292:Alice|Bob
STATE:5:cc/cc/cr250r6078r13831c/r19709c:KhTh|8s7d/9c8d5c/Qd/Td:19709|-19709:Bob|Alice
STATE:6:cr257r4178c/cc/r5910r9054r14946r20000c/:Kc8h|5cAs/9dAh4d/7h/Qs:-20000|20000:Alice|Bob
STATE:7:f:Ah6c|2c3d:50|-50:Bob|Alice
STATE:8:cc/cr3630r9054c/cc/cc:2hAd|Js7c/4d3s3c/Jh/7d:-9054|9054:Alice|Bob
STATE:9:cc/r15416f:Qd5h|9h2d/AsKs3h:100|-100:Bob|Alice
STATE:10:cr242r13869r20000c///:KcAd|Jd5c/6s7c4h/Ks/Kh:20000|-20000:Alice|Bob
STATE:11:f:9dTc|9s4h:50|-50:Bob|Alice
STATE:12:cc/cc/cr8106r16112c/cc:3hTs|AdQd/9d7h4h/Kd/As:-16112|16112:Alice|Bob
STATE:13:f:8h9s|3d2s:50|-50:Bob|Alice
STATE:14:r10410c/r12422r15804c/r15904c/cr16414f:2d3s|6sQh/5d8h4d/Qs/2c:-15904|15904:Alice|Bob
STATE:15:f:3c4c|Th7s:50|-50:Bob|Alice
STATE:16:cc/cr2148r4923r12754f:3c8d|Ks6c/Ad8c7s:-4923|4923:Alice|Bob
STATE:17:f:Kc7c|2s7d:50|-50:Bob|Alice
STATE:18:r2734r6581f:AsJh|8d2c:2734|-2734:Alice|Bob
STATE:19:cc/r9578c/cc/cc:2h6d|7dKc/5sAs6h/6s/Jd:9578|-9578:Bob|Alice
STATE:20:r7245c/r10413c/cr17214f:5cAs|2s7h/KsQcTh/Qd:-10413|10413:Alice|Bob
STATE:21:cr8400c/cc/r12657r20000c/:9sTs|7d4h/5c4sAh/4c/7c:-20000|20000:Bob|Alice
STATE:22:r4091f:5sJh|8dTh:-100|100:Alice|Bob
STATE:23:r242f:6c7s|AcTh:-100|100:Bob|Alice
STATE:24:cc/cc/cc/cc:9d3h|Qh6s/6hQc7d/2c/4s:-100|100:Alice|Bob
STATE:25:f:2s3d|7dTs:50|-50:Bob|Alice
STATE:26:r10761c/cc/r10861r15671f:5dJs|9h4h/4sTh3d/3s:-10861|10861:Alice|Bob
STATE:27:f:2d2s|8s4d:50|-50:Bob|Alice
STATE:28:cr236c/r344c/cc/cc:AdTd|Qd2c/2d7d6c/9d/Jh:344|-344:Alice|Bob
STATE:29:f:8s2d|8h9d:50|-50:Bob|Alice
STATE:30:cc/cc/r290c/r823r10414r20000c:3c2s|4sTs/4hQc3h/3d/Qd:20000|-20000:Alice|Bob
STATE:31:cr14706c/cr20000c//:Jd9c|6s8s/7s6d5c/Jc/Qc:20000|-20000:Bob|Alice
STATE:32:r1967r4463r14561r20000c///:QsKd|7c7d/2c2d6c/6h/Jd:-20000|20000:Alice|Bob
STATE:33:f:Th5d|Qs8h:50|-50:Bob|Alice
STATE:34:cr224c/cr8951r17890c/cr19985c/r20000f:7hAc|AdAs/Jh3s5d/Kh/7c:19985|-19985:Alice|Bob
STATE:35:f:AsAh|2dQs:50|-50:Bob|Alice
STATE:36:cr215r2476r4845r18133r20000c///:AhQc|8c5c/4dAs4h/4s/6d:20000|-20000:Alice|Bob
STATE:37:f:KcQd|8sJc:50|-50:Bob|Alice
STATE:38:cc/cc/cr19826r20000c/:Ad6s|Qh8h/6cJc7c/8c/8s:-20000|20000:Alice|Bob
STATE:39:r260r5660r11326c/r15934f:9sTc|6cAs/3d6s2d:11326|-11326:Bob|Alice
STATE:40:cc/cc/cc/cc:5d6s|8hKc/Kd3d2h/8d/Td:100|-100:Alice|Bob
STATE:41:f:4d6d|9s6s:50|-50:Bob|Alice
STATE:42:cr284r16913r20000c///:ThQh|Kc8s/2d3h9s/4s/2c:-20000|20000:Alice|Bob
STATE:43:f:7s8h|9h4c:50|-50:Bob|Alice
STATE:44:r8094f:9c6h|3dJh:-100|100:Alice|Bob
STATE:45:f:5c3s|7c8h:50|-50:Bob|Alice
STATE:46:r19899c/cr20000c//:8hJd|5cQh/6s3d9h/3c/Js:20000|-20000:Alice|Bob
STATE:47:r254c/cc/cc/r15029r20000f:Qc2s|JsAh/9d8s2h/6s/Jh:-15029|15029:Bob|Alice
STATE:48:r6284c/r7407r13212r20000c//:5cJc|Jd4c/3hAc4d/3d/6s:-20000|20000:Alice|Bob
STATE:49:cc/cc/cr207r6763f:QhTd|Js3c/9cQc5d/Ad:207|-207:Bob|Alice
STATE:50:cc/r212r14443c/cc/cr18253c:Tc5d|JsAd/4h7s8s/9c/3d:-18253|18253:Alice|Bob
STATE:51:r256c/cc/r18573f:Ah7c|AsKc/7d2c8c/Jh:256|-256:Bob|Alice
STATE:52:cc/cr9422r19401r20000c//:5cJh|Th8h/8s9d6c/5d/8d:-20000|20000:Alice|Bob
STATE:53:f:Qd5c|3h6d:50|-50:Bob|Alice
STATE:54:cc/cc/cr12053r20000c/:7s4h|7h9d/8d2dQs/2s/6d:-20000|20000:Alice|Bob
STATE:55:r235c/cc/r18900f:8c6s|Tc8h/Qc2h8s/7h:235|-235:Bob|Alice
STATE:56:r2338r5107c/cr7001f:Ks7d|9hTs/Jd4h9c:-5107|5107:Alice|Bob
STATE:57:cc/cr226r467f:5cAh|9dTh/As3dTs:226|-226:Bob|Alice
STATE:58:cc/cr10441f:2c9h|5hKh/JdKsAs:-100|100:Alice|Bob
STATE:59:r258r18988r20000c///:4dTd|9s9c/TcJcKh/5s/7h:20000|-20000:Bob|Alice
STATE:60:r16255f:5s9s|3c4c:-100|100:Alice|Bob
STATE:61:f:Jd5d|4s4d:50|-50:Bob|Alice
STATE:62:f:5s2s|Kh2c:50|-50:Alice|Bob
STATE:63:f:7c5s|9c2c:50|-50:Bob|Alice
STATE:64:r13800f:7c9d|8s9h:-100|100:Alice|Bob
STATE:65:f:8h7h|Ah2s:50|-50:Bob|Alice
STATE:66:r1095r2714r16676r20000c///:QhAd|5s3h/2h2cTc/6h/2s:20000|-20000:Alice|Bob
STATE:67:f:4d6d|9hJc:50|-50:Bob|Alice
STATE:68:cc/r274c/cc/cr5338r11668c:7h6d|6h4d/3cJd7d/8s/Kc:11668|-11668:Alice|Bob
STATE:69:f:Jh4c|9d2d:50|-50:Bob|Alice
STATE:70:cc/cr15725r20000c//:Ah4d|JhTs/AsKh5s/6d/2c:20000|-20000:Alice|Bob
STATE:71:f:6c5h|8h2s:50|-50:Bob|Alice
STATE:72:r9578c/cr11657r20000c//:3c3s|7c3h/2s8s5s/9s/4c:20000|-20000:Alice|Bob
STATE:73:cr3546c/cc/r9890r19744r20000c/:3s5d|Kh2h/3h2d9h/8d/9d:20000|-20000:Bob|Alice
STATE:74:cc/cc/cr15311r20000c/:5c3c|2dJh/Kh6c9h/4d/Ks:-20000|20000:Alice|Bob
STATE:75:f:Kc7s|2s6d:50|-50:Bob|Alice
STATE:76:r11932r20000c///:Qh9s|Tc5d/Qc8h2c/Ks/Jh:20000|-20000:Alice|Bob
STATE:77:f:JsTd|5s2c:50|-50:Bob|Alice
STATE:78:cr234c/cr10070r20000c//:As8s|4cQc/Ad6hKh/Kd/8d:20000|-20000:Alice|Bob
STATE:79:f:3c6h|3dKc:50|-50:Bob|Alice
STATE:80:f:6d6s|Tc6c:50|-50:Alice|Bob
STATE:81:f:5s6s|7c3s:50|-50:Bob|Alice
STATE:82:cc/cc/cr18763f:2sQs|2c7d/AhAd8c/9h:-100|100:Alice|Bob
STATE:83:f:8dTc|2h6c:50|-50:Bob|Alice
STATE:84:f:Ah9d|5c6c:50|-50:Alice|Bob
STATE:85:f:3d8h|5d2s:50|-50:Bob|Alice
STATE:86:cc/cc/cc/cc:6d8h|6h6c/Ts2sQc/3d/Ah:-100|100:Alice|Bob
STATE:87:r248c/cc/cr659c/cc:AdAc|8d8s/2cKhTs/8c/Qh:-659|659:Bob|Alice
STATE:88:cc/cc/cr8440f:Jh2c|2hKc/5s8dTs/Tc:-100|100:Alice|Bob
STATE:89:cc/r18849f:JsKc|JdQh/Ts9c5d:100|-100:Bob|Alice
STATE:90:cc/r239c/cc/r377c:2sTs|Kd6s/9dTh6h/2c/3d:377|-377:Alice|Bob
STATE:91:r216c/cr676c/cc/r12875r20000f:7d9h|JdKc/KhQdJc/Ts/Td:-12875|12875:Bob|Alice
STATE:92:cc/cc/cr11216c/cc:8hJc|JhAc/6s5s6d/9h/4s:-11216|11216:Alice|Bob
STATE:93:cc/r13861r20000c//:Jh2d|2c5h/AdKdTd/Jd/Th:20000|-20000:Bob|Alice
STATE:94:r2727f:Tc3s|9s4h:-100|100:Alice|Bob
STATE:95:f:9dAd|5sTc:50|-50:Bob|Alice
STATE:96:cc/cc/cr18793r20000c/:4sQh|8dTc/QcJsAh/Jd/3c:20000|-20000:Alice|Bob
STATE:97:r227c/r3429r8909c/r11697f:Qd9h|AsAd/3d4s6s/2h:8909|-8909:Bob|Alice
STATE:98:cr331r2162r5596c/cr7478r17998c/cr19570r20000c/:QsQc|7cQh/Kd6h3h/Kh/5d:20000|-20000:Alice|Bob
STATE:99:cr19874r20000f:4cTs|Qs9s:-19874|19874:Bob|Alice
STATE:100:cc/cc/r232r19847r20000c/:Qd2c|3cKh/8h8c7h/Kd/2d:-20000|20000:Alice|Bob
STATE:101:r264r18068r20000f:Qs6d|7s7h:-18068|18068:Bob|Alice
STATE:102:cr305c/cc/cc/cc:JsKc|5dTh/6sQsJh/2c/4h:305|-305:Alice|Bob
STATE:103:f:Js5h|Td3h:50|-50:Bob|Alice
STATE:104:r1256c/cr11413r20000c//:Qs8d|9c8h/5hKh3c/6h/Kc:20000|-20000:Alice|Bob
STATE:105:f:Th6d|5s4d:50|-50:Bob|Alice
STATE:106:cr253c/cr9434f:Qd7c|3d8c/Th3cJs:-253|253:Alice|Bob
STATE:107:f:JsTc|Jd5s:50|-50:Bob|Alice
STATE:108:cc/cr5137r10215c/cr10582r10949f:4hJc|5s6h/9d3dQc/7s:10582|-10582:Alice|Bob
STATE:109:r208c/r12308r20000c//:2d5d|4s4c/5s3d7d/Ad/As:20000|-20000:Bob|Alice
STATE:110:cc/cr16813r20000c//:8c7c|3d2h/Qs7dTc/Th/2d:20000|-20000:Alice|Bob
STATE:111:cr17514r20000c///:AcQc|5sKh/As8sKs/6c/Ts:-20000|20000:Bob|Alice
STATE:112:cc/cr17521f:8d9s|9d7h/2hJh6h:-100|100:Alice|Bob
STATE:113:cr17220f:Ad6s|3c6h:100|-100:Bob|Alice
STATE:114:r7856c/cr15641c/cc/cc:9sKc|3sAs/4s5d8d/5h/8s:-15641|15641:Alice|Bob
STATE:115:f:3d2s|9cKh:50|-50:Bob|Alice
STATE:116:r3188c/cr11982r20000c//:Jc6h|9s9h/3hAdAs/Ac/7d:-20000|20000:Alice|Bob
STATE:117:cc/cc/r16754r20000c/:AhTd|6c3c/5hJcAd/4c/6d:20000|-20000:Bob|Alice
STATE:118:cc/cc/cc/r200r5764r11328c:Js8d|Jc6c/6s9d6h/2s/3h:-11328|11328:Alice|Bob
STATE:119:r273c/cc/cc/cc:Tc7s|Ac7d/Ad3d5s/9h/As:-273|273:Bob|Alice
STATE:120:r1570f:Td6s|6cJs:-100|100:Alice|Bob
STATE:121:f:5cTs|4d7c:50|-50:Bob|Alice
STATE:122:r12460c/r12777r16358c/cr19737r20000c/:2c2h|Ah7h/4hTs5d/Jc/Qs:20000|-20000:Alice|Bob
STATE:123:r210c/r13599r20000c//:9c5d|KhAh/Qh4c4s/Qc/2d:-20000|20000:Bob|Alice
STATE:124:r19107f:Qh6c|9s5d:-100|100:Alice|Bob
STATE:125:cr14193f:Tc6c|8c6d:100|-100:Bob|Alice
STATE:126:r13304r20000c///:As9d|3d9c/Qh8cKc/2h/4h:20000|-20000:Alice|Bob
STATE:127:f:QcKd|3d9c:50|-50:Bob|Alice
STATE:128:f:Kc8d|2cKd:50|-50:Alice|Bob
STATE:129:r205r19990r20000c///:As5d|4hQs/8sKh6c/Jh/4c:-20000|20000:Bob|Alice
STATE:130:r19477f:7s8d|Ad3s:-100|100:Alice|Bob
STATE:131:r259f:2hJh|JdKs:-100|100:Bob|Alice
STATE:132:r19094f:9d2c|Qh8d:-100|100:Alice|Bob
STATE:133:f:9dJc|6dJh:50|-50:Bob|Alice
STATE:134:f:Tc8c|5d9h:50|-50:Alice|Bob
STATE:135:f:9d2s|6c8c:50|-50:Bob|Alice
STATE:136:r4896c/r7672c/cr16758r20000c/:2d3d|5sQh/3c4c2c/8h/Ks:20000|-20000:Alice|Bob
STATE:137:cc/cc/cc/r15627r20000c:3d5h|QsTd/6hQh5s/2c/Tc:-20000|20000:Bob|Alice
STATE:138:r3717c/cc/r4467c/r4567c:TsQd|5hTd/3c5dJd/5s/2s:-4567|4567:Alice|Bob
STATE:139:f:3c5d|5c7s:50|-50:Bob|Alice
STATE:140:cc/r217r9738r19781r20000c//:6s4s|2dKd/5d2h5h/3s/Qs:20000|-20000:Alice|Bob
STATE:141:r256r1553c/r18790f:Ah7c|QsJc/2dTd8d:1553|-1553:Bob|Alice
STATE:142:cc/cc/cr750r1400r16452c/cr16666c:5c2s|Qc7c/TsAs3s/6d/6h:-16666|16666:Alice|Bob
STATE:143:f:5c8s|Js6s:50|-50:Bob|Alice
STATE:144:cc/cc/cr17257c/r20000c:Qh6s|AdKs/9dJd2s/Ah/Qd:-20000|20000:Alice|Bob
STATE:145:f:2c9s|Jh2s:50|-50:Bob|Alice
STATE:146:r1537f:5d6c|7d6d:-100|100:Alice|Bob
STATE:147:cr6396f:AdKh|6h5s:100|-100:Bob|Alice
STATE:148:cc/cr15188f:2d5d|Kc6d/9d4s7h:-100|100:Alice|Bob
STATE:149:cc/r4999r10213r17887f:As9d|5c3h/3c7cQd:10213|-10213:Bob|Alice
STATE:150:r4637f:Td5d|AsJs:-100|100:Alice|Bob
STATE:151:f:KsKh|2c5h:50|-50:Bob|Alice
STATE:152:cr231c/cc/cc/r435c:JcQd|7c3s/9c5h7s/3h/Js:-435|435:Alice|Bob
STATE:153:cc/cc/cr228c/cr397c:2s3s|Qs8c/JsAs5h/Ac/Kc:-397|397:Bob|Alice
STATE:154:r12858r20000c///:5h5d|4d2s/5s6sQh/7c/Ks:20000|-20000:Alice|Bob
STATE:155:cc/r11736r20000c//:TcAd|Qs7d/8c9c5h/Kc/7s:-20000|20000:Bob|Alice
STATE:156:r17072c/r19794r20000c//:4c7h|4s9d/Jh5h8d/8h/5s:0|0:Alice|Bob
STATE:157:f:5c3s|Jc4s:50|-50:Bob|Alice
STATE:158:cc/cc/cr1776r4005r9505r19956r20000c/:5h6s|Kc6c/2c8h9s/5d/Kd:-20000|20000:Alice|Bob
STATE:159:f:Ah8d|9s7h:50|-50:Bob|Alice
STATE:160:cc/r250f:3d3s|7cTs/2h2sKs:100|-100:Alice|Bob
STATE:161:r269c/r5298c/r12370f:Qh4c|6dAc/KcQs4d/3h:5298|-5298:Bob|Alice
STATE:162:cc/cc/cc/cc:4cQd|Td4h/6d3d5s/Js/6c:100|-100:Alice|Bob
STATE:163:cr7965f:2c8s|8cJc:100|-100:Bob|Alice
STATE:164:cr252c/cc/cr10967f:Qc6d|3h5s/7hAs8d/Kc:-252|252:Alice|Bob
STATE:165:f:9dJs|Qh3d:50|-50:Bob|Alice
STATE:166:cc/r210c/r374c/cr11754f:8dKd|Ac9h/Th2c6d/4d/Ts:-374|374:Alice|Bob
STATE:167:f:KsTd|7s2d:50|-50:Bob|Alice
STATE:168:cr207f:AdQd|3d3c:100|-100:Alice|Bob
STATE:169:f:8d6c|Tc3s:50|-50:Bob|Alice
STATE:170:r9556f:7h6c|AdKc:-100|100:Alice|Bob
STATE:171:f:Ac7s|Td6c:50|-50:Bob|Alice
STATE:172:r12963r20000c///:Kd5c|TsJh/6c5h3s/9s/4h:20000|-20000:Alice|Bob
STATE:173:f:Th5d|Js4h:50|-50:Bob|Alice
STATE:174:cc/cr10839r20000c//:2d4h|Jd6s/7s3h4d/Ts/2s:20000|-20000:Alice|Bob
STATE:175:cr4529c/r19953f:5cJc|2c2h/5s8h4s:4529|-4529:Bob|Alice
STATE:176:cc/cr6959r13818c/cr16737f:8c4s|TsKd/3h6s6d/8s:-13818|13818:Alice|Bob
STATE:177:f:8hTs|2d3c:50|-50:Bob|Alice
STATE:178:r18652r20000c///:8hAh|Kh3s/2hKs2c/Qd/7d:-20000|20000:Alice|Bob
STATE:179:r212c/r14828f:9h2c|4dQh/2dTd9c:212|-212:Bob|Alice
STATE:180:r837f:9d4d|6h7s:-100|100:Alice|Bob
STATE:181:r220c/cc/r15260f:7cQc|6s6d/JhKs7h/9s:220|-220:Bob|Alice
STATE:182:r12387f:6cTs|Jh4d:-100|100:Alice|Bob
STATE:183:f:7c6d|TsJs:50|-50:Bob|Alice
STATE:184:f:8hQc|5s3s:50|-50:Alice|Bob
STATE:185:r228c/r14808r20000c//:Td6h|7c7h/Ts6cQd/4h/2c:20000|-20000:Bob|Alice
STATE:186:cc/r201c/cr17258r20000f:8c5c|Jc9c/TdAh9s/Qh:17258|-17258:Alice|Bob
STATE:187:f:QhJh|5h8s:50|-50:Bob|Alice
STATE:188:r14659r20000c///:Qs7c|As2h/6d6cJh/Tc/Js:-20000|20000:Alice|Bob
STATE:189:f:Ac7h|8c6h:50|-50:Bob|Alice
STATE:190:cc/r240c/cc/cr5795r12819r19985r20000c:Ks6h|8dJs/8sKd5d/5s/5h:20000|-20000:Alice|Bob
STATE:191:r248r15592c/cc/r15872r20000c/:9c4d|5cQs/6dQcQd/4s/Ks:-20000|20000:Bob|Alice
STATE:192:cc/cr1603r3505r5954r12456c/r20000c/:Qh7h|JhTh/2hQc9c/9h/6d:20000|-20000:Alice|Bob
STATE:193:f:KhKd|4h2s:50|-50:Bob|Alice
STATE:194:f:6dTs|2dJd:50|-50:Alice|Bob
STATE:195:f:Jd9c|6sQh:50|-50:Bob|Alice
STATE:196:cr212c/cc/r389r10725r20000c/:JsKs|6h8h/5s2s2h/4s/Ah:20000|-20000:Alice|Bob
STATE:197:f:Ks9h|Qd3s:50|-50:Bob|Alice
STATE:198:cc/cc/cc/cc:5h9c|5cTc/7d4c4d/Ks/2h:-100|100:Alice|Bob
STATE:199:f:6h9h|4d7s:50|-50:Bob|Alice
STATE:200:cc/cr11054c/r11805r19636f:7s3s|7c4h/ThQs4s/8h:-11805|11805:Alice|Bob
STATE:201:f:3dKd|9d2c:50|-50:Bob|Alice
STATE:202:r10083c/cc/cr12035r13987r18432c/cr18685c:9c7s|2d9s/3d4sJd/Kc/3h:0|0:Alice|Bob
STATE:203:f:9c6d|8s2d:50|-50:Bob|Alice
STATE:204:r14098f:2s5h|Tc3d:-100|100:Alice|Bob
STATE:205:f:Ts7c|Th7s:50|-50:Bob|Alice
STATE:206:r16138r20000c///:ThAs|Js4s/2s4h2h/Qh/7h:20000|-20000:Alice|Bob
STATE:207:r262r5618r13716r20000c///:2sQs|KcJd/4c6c3h/2d/4s:20000|-20000:Bob|Alice
STATE:208:r11345r20000c///:AcAh|9s9c/Ad8c3c/Qs/6h:20000|-20000:Alice|Bob
STATE:209:cc/cc/cr211c/r4087c:Js5c|2sTd/As2h3d/Kh/Ad:-4087|4087:Bob|Alice
STATE:210:cr203c/r352r8105f:Qc6s|Js5h/4s4h8d:-352|352:Alice|Bob
STATE:211:f:TdKs|2dAh:50|-50:Bob|Alice
STATE:212:r5029f:Tc8c|9c6h:-100|100:Alice|Bob
STATE:213:f:3c6h|Jc7d:50|-50:Bob|Alice
STATE:214:r345c/cr13208c/cc/cc:2c6d|Kc8s/7c4d9d/4h/Ad:-13208|13208:Alice|Bob
STATE:215:r232f:2s3s|Td9d:-100|100:Bob|Alice
STATE:216:cc/r200c/cc/cc:7d2h|9sQh/TsTd4s/Qs/5s:-200|200:Alice|Bob
STATE:217:r225f:AhKs|Th8d:-100|100:Bob|Alice
STATE:218:cr264r10896r20000c///:6s6c|Kd8d/2c7hJh/As/6h:20000|-20000:Alice|Bob
STATE:219:r256r11642r20000c///:4sKc|4hAh/5s2d8s/5d/Kd:20000|-20000:Bob|Alice
STATE:220:r16067r20000c///:Th7h|7c5d/4s3sJd/7d/5s:-20000|20000:Alice|Bob
STATE:221:f:6sTs|7h9s:50|-50:Bob|Alice
STATE:222:r4258f:2d8h|Kc2s:-100|100:Alice|Bob
STATE:223:r269c/cc/r13728r20000f:Tc3c|Kc7h/7dAd3h/Jd:-13728|13728:Bob|Alice
STATE:224:r15612r20000c///:3h3s|Ts2d/Jh5c9d/3c/8h:20000|-20000:Alice|Bob
STATE:225:f:2d4h|6d7d:50|-50:Bob|Alice
STATE:226:cr228c/r462c/r1180c/cc:AsKc|2cTs/5cAcKs/Td/Qh:1180|-1180:Alice|Bob
STATE:227:f:6s7d|9s3c:50|-50:Bob|Alice
STATE:228:cc/r238c/cc/cc:Ac3s|5h2d/Jc7dQs/9d/4s:238|-238:Alice|Bob
STATE:229:cr4389c/cr4546f:JsJh|Kh6h/As6d3c:-4389|4389:Bob|Alice
STATE:230:cc/cr1959f:2c9c|4d9d/6h6d3s:-100|100:Alice|Bob
STATE:231:f:2h2d|3h6s:50|-50:Bob|Alice
STATE:232:r17669f:6c9s|JsTs:-100|100:Alice|Bob
STATE:233:r279r16232r20000c///:Qs5h|TcKc/Jh9c2s/8s/Jd:-20000|20000:Bob|Alice
STATE:234:r11962f:Td6s|AdTc:-100|100:Alice|Bob
STATE:235:f:5s8c|6d4c:50|-50:Bob|Alice
STATE:236:cc/r200c/cc/cr6641c:8d5s|3s2d/3dAc6h/Tc/9s:-6641|6641:Alice|Bob
STATE:237:r276r9700r20000c///:8h6c|KhAh/QsTd2h/Jc/4h:-20000|20000:Bob|Alice
STATE:238:cc/cr16490r20000c//:Js3s|6d8h/Kd2s3c/Qc/4d:20000|-20000:Alice|Bob
STATE:239:cr16161f:9sQd|8s6h:100|-100:Bob|Alice
STATE:240:cc/cc/cr17646c/cr19601f:7c4s|Kh2d/AhQdQs/3d/9c:-17646|17646:Alice|Bob
STATE:241:f:6d6c|3c7h:50|-50:Bob|Alice
STATE:242:cc/cc/cc/cr16258r20000c:3d8d|JdAd/7h9s9h/Ac/Js:-20000|20000:Alice|Bob
STATE:243:f:3s3h|9h8c:50|-50:Bob|Alice
STATE:244:f:8d7d|Ah9d:50|-50:Alice|Bob
STATE:245:r249r19718c/cc/cr20000c/:QcQs|7dQh/8h9d5d/Js/6d:-20000|20000:Bob|Alice
STATE:246:r3389r8367r17209r20000f:KdJc|QdQs:17209|-17209:Alice|Bob
STATE:247:cc/r17177c/cc/cc:QsAd|2h7s/ThJdJs/2s/4s:-17177|17177:Bob|Alice
STATE:248:cc/r299c/r483r1756f:Tc5d|4dKs/4cTsJc/3d:-483|483:Alice|Bob
STATE:249:cr17357r20000c///:7c2d|Ks5s/4sAh9h/Qc/6c:-20000|20000:Bob|Alice
STATE:250:f:7h2c|Qd5h:50|-50:Alice|Bob
STATE:251:r248c/cc/r9624r20000f:Jh4c|AcTs/3d3c2d/9d:-9624|9624:Bob|Alice
STATE:252:r8232f:3c3s|Qh5h:-100|100:Alice|Bob
STATE:253:r247c/r14923f:5s4s|KdTc/7s5c6h:247|-247:Bob|Alice
STATE:254:r396c/cc/cr17087f:2s5s|6h7c/2hTd6d/3h:-396|396:Alice|Bob
STATE:255:f:8hAd|5c8s:50|-50:Bob|Alice
STATE:256:cc/cc/cr6264r15574r20000c/:7dJd|6s5d/Kh5s4s/Jc/2d:20000|-20000:Alice|Bob
STATE:257:f:9hJs|5c8d:50|-50:Bob|Alice
STATE:258:cr210r6975r17327c/r20000c//:6dAd|6h7s/4dTs4h/3h/Kh:20000|-20000:Alice|Bob
STATE:259:f:JhTc|9c4s:50|-50:Bob|Alice
STATE:260:cc/cc/cr16562r20000c/:7h8s|5cJh/6h4d3h/Kh/7d:-20000|20000:Alice|Bob
STATE:261:f:JhKc|9c7s:50|-50:Bob|Alice
STATE:262:cc/cr5138r10176r16344c/cr18004r19664c/cr19877r20000c:8s7s|4cKc/4dKs2d/9h/5h:-20000|20000:Alice|Bob
STATE:263:f:9d2s|5sQh:50|-50:Bob|Alice
STATE:264:cc/cc/cr19587r20000c/:Jd2d|4dKc/7cKd2h/9c/4s:-20000|20000:Alice|Bob
STATE:265:f:QhKh|9s6s:50|-50:Bob|Alice
STATE:266:cc/cc/cc/cr4252r8404r17405c:7sTs|9d2h/3dAc5h/8c/Qd:17405|-17405:Alice|Bob
STATE:267:cr14402f:3cTd|6dQc:100|-100:Bob|Alice
STATE:268:cc/cc/cc/r266c:5c4s|9h4d/2dQsQd/9s/5s:-266|266:Alice|Bob
STATE:269:f:3d7s|2d9h:50|-50:Bob|Alice
STATE:270:cc/cr12468c/cr19468r20000c/:9s8h|AsTh/TcQcAc/5h/Ts:-20000|20000:Alice|Bob
STATE:271:f:JcJh|Th4d:50|-50:Bob|Alice
STATE:272:r12080f:3s8h|Td5d:-100|100:Alice|Bob
STATE:273:cr1682f:7dQh|9dQd:100|-100:Bob|Alice
STATE:274:r16529c/cc/cc/cc:9dKh|Tc2h/8d2dKs/As/8c:16529|-16529:Alice|Bob
STATE:275:f:As9d|Ad5s:50|-50:Bob|Alice
STATE:276:cc/cc/cr305c/r405r4873r9341r14920c:3c2c|ThAc/Tc7sKc/Js/8s:-14920|14920:Alice|Bob
STATE:277:f:Ts7h|Td3s:50|-50:Bob|Alice
STATE:278:cc/cr8667r18944f:Jd5d|3c5s/7d4h6s:8667|-8667:Alice|Bob
STATE:279:r261r17700r20000c///:Kh3h|TsQc/Kd8s6s/4s/7d:20000|-20000:Bob|Alice
STATE:280:r1219c/cr6148c/cr12086r18095c/cc:4h7h|8sQc/8hQdJd/3h/6c:-18095|18095:Alice|Bob
STATE:281:f:8sQs|4h6d:50|-50:Bob|Alice
STATE:282:r514f:As3s|Ks5h:-100|100:Alice|Bob
STATE:283:f:Js7c|9d3s:50|-50:Bob|Alice
STATE:284:f:AhTc|7s2d:50|-50:Alice|Bob
STATE:285:r209c/r3537r7678c/r10831r15480r20000c/:8h3d|6cQh/AsQdAh/8c/5d:-20000|20000:Bob|Alice
STATE:286:f:Qs6d|8s5c:50|-50:Alice|Bob
STATE:287:r211c/cc/r11762f:6c6d|8c8s/5dAhQc/3d:211|-211:Bob|Alice
STATE:288:r8667r20000c///:Ah9h|7c5c/6hKsQs/6c/2h:20000|-20000:Alice|Bob
STATE:289:r200r14050r20000c///:Ac3c|TcKh/2d5c7s/8h/Jh:20000|-20000:Bob|Alice
STATE:290:cc/cr18453r20000c//:Td5d|6s4d/5s7dQd/Jd/7h:20000|-20000:Alice|Bob
STATE:291:f:9c7c|7s4s:50|-50:Bob|Alice
STATE:292:cc/cc/cr8236r17672c/cc:8hQh|3c9h/AhTd4d/Th/7c:17672|-17672:Alice|Bob
STATE:293:r211f:2d7c|8hKs:-100|100:Bob|Alice
STATE:294:cc/r200c/cr9394c/cc:5c3h|6cQc/2s8s8h/Js/Kh:-9394|9394:Alice|Bob
STATE:295:f:Ac2d|Td4d:50|-50:Bob|Alice
STATE:296:r10813f:3sQd|2cQs:-100|100:Alice|Bob
STATE:297:r230r13726r20000c///:8c8h|QhQc/KhTsTd/2c/5h:-20000|20000:Bob|Alice
STATE:298:r2679c/cr19285c/cc/cr19650r20000c:9c7c|7s6d/TsTdQc/Qh/7d:20000|-20000:Alice|Bob
STATE:299:cc/r9184r20000c//:7sKc|2dAd/Jd5dKh/3c/Ks:20000|-20000:Bob|Alice
STATE:300:r4682c/r5568c/cc/cr19130r20000f:2cQc|KhJd/AsJsTc/Td/Qs:19130|-19130:Alice|Bob
STATE:301:r238c/r12820r20000c//:5dKd|Qc6h/3s9sJh/Tc/7d:20000|-20000:Bob|Alice
STATE:302:cc/cc/cc/cr7259r14906c:3sQc|9c6h/2h7dKd/6s/7c:-14906|14906:Alice|Bob
STATE:303:r203r2470c/r15839c/r19203r20000c/:As7c|5hKc/3dTh8s/7d/Ks:-20000|20000:Bob|Alice
STATE:304:cc/cr19123r20000c//:Js7c|2h6d/4s9c8d/Kc/7h:20000|-20000:Alice|Bob
STATE:305:cr638r1274c/cr1526c/cc/r10579r20000c:8h6d|2sAs/AdQcQd/Ah/3s:-20000|20000:Bob|Alice
STATE:306:cr274r5402r11231r17739r20000c///:JcKs|7s5d/9d3cQh/Jd/4s:20000|-20000:Alice|Bob
STATE:307:f:Js4s|2d7c:50|-50:Bob|Alice
STATE:308:r2295c/cr15728r20000c//:Th2h|Ac5d/Qs8cKh/Ad/9c:-20000|20000:Alice|Bob
STATE:309:f:7hKh|5sQc:50|-50:Bob|Alice
STATE:310:cc/cc/cc/cc:2h2c|5d6c/Kh7h6d/Ac/Td:-100|100:Alice|Bob
STATE:311:cc/r18354r20000c//:6cAd|QsJh/Kh7hKd/As/8d:20000|-20000:Bob|Alice
STATE:312:cc/cr6208r12417c/cr18968r20000c/:7h8d|JsKc/7cJhTh/3c/Ah:-20000|20000:Alice|Bob
STATE:313:f:6dQh|3hQd:50|-50:Bob|Alice
STATE:314:cc/cc/cr3096r6092f:5d6c|TcAc/7s9s9h/4c:3096|-3096:Alice|Bob
STATE:315:cc/r4276r9109r16198r20000c//:2c5d|Qs9c/Th4sJh/Jc/8d:-20000|20000:Bob|Alice
STATE:316:r18507f:Qs2d|3s9d:-100|100:Alice|Bob
STATE:317:f:3h9c|2c4c:50|-50:Bob|Alice
STATE:318:cc/cc/r337c/cc:ThJh|Qc6c/Jc2c4h/7h/Kc:-337|337:Alice|Bob
STATE:319:cr5133f:QdKd|9s8h:100|-100:Bob|Alice
STATE:320:r10768f:5d3h|8cQc:-100|100:Alice|Bob
STATE:321:cc/r6947c/r7137r7327r18290c/r19017c:Td9d|7s4h/3h2hJs/Th/Ad:19017|-19017:Bob|Alice
STATE:322:cc/r260r11874r20000c//:Js6c|Kh7d/6sAsQh/7s/7c:-20000|20000:Alice|Bob
STATE:323:f:Kc8c|7s9c:50|-50:Bob|Alice
STATE:324:r13778c/cr18242f:Qd7h|Qs4s/Ts4dJd:-13778|13778:Alice|Bob
STATE:325:cr2788f:Jh7d|2d9d:100|-100:Bob|Alice
STATE:326:r11000f:3h5h|2c4d:-100|100:Alice|Bob
STATE:327:r278c/r17676c/cc/r18189r20000c:KhQc|QhAh/3c5d7d/Jd/2h:-20000|20000:Bob|Alice
STATE:328:cc/cc/r265r2156r5070c/cr12745r20000c:2h8h|QhAs/Kd8c5d/7s/Kc:20000|-20000:Alice|Bob
STATE:329:f:AsTd|Tc3c:50|-50:Bob|Alice
STATE:330:cr301c/cr15263c/r16702r18605r20000f:AsQd|7c3s/8d7h6c/3h:18605|-18605:Alice|Bob
STATE:331:cr9650f:8cAc|As3h:100|-100:Bob|Alice
STATE:332:r2516f:Js4h|6h7d:-100|100:Alice|Bob
STATE:333:cr11709f:8cKh|3h9s:100|-100:Bob|Alice
STATE:334:cc/cc/cr1512r2926r5985f:Td4h|8c8h/7d5dJd/Kh:-2926|2926:Alice|Bob
STATE:335:r226r5231r13160r20000c///:7h3d|JsAh/9dQsAc/Jd/Kc:-20000|20000:Bob|Alice
STATE:336:r4746f:Td6s|8cQs:-100|100:Alice|Bob
STATE:337:r229c/r13511r20000c//:AdKc|Ah7d/Kd6h2d/6c/5d:20000|-20000:Bob|Alice
STATE:338:r13057c/cc/cr14484f:7dKc|6c3s/7s8d6h/9s:-13057|13057:Alice|Bob
STATE:339:f:3d4d|9d4c:50|-50:Bob|Alice
STATE:340:cc/cc/cr2412f:7hJc|4c2d/TcKh8s/Th:-100|100:Alice|Bob
STATE:341:r227c/cr577c/r16505r20000c/:7dQh|8s9s/Qs9c4d/Jh/6c:20000|-20000:Bob|Alice
STATE:342:f:5d3d|7cJs:50|-50:Alice|Bob
STATE:343:f:4cKd|4h7c:50|-50:Bob|Alice
STATE:344:r3902f:3sJh|9cTs:-100|100:Alice|Bob
STATE:345:f:8dTh|Td7h:50|-50:Bob|Alice
STATE:346:r12013c/cr19308r20000f:Td4c|JdQc/JcQh5s:19308|-19308:Alice|Bob
STATE:347:cc/r10521f:6s3c|JdQc/7sTsKh:100|-100:Bob|Alice
STATE:348:r10590r20000c///:5hKc|3c8d/2h6c2s/Kd/Td:20000|-20000:Alice|Bob
STATE:349:r260c/r2573r5013r12893r20000c//:Ts8d|AdTd/6c6s9h/6h/Ah:-20000|20000:Bob|Alice
STATE:350:cc/r226r1387r2661f:QcJs|Ks4h/2s3hKc:1387|-1387:Alice|Bob
STATE:351:f:Jd2c|Td6s:50|-50:Bob|Alice
STATE:352:r18468f:3h6s|5sAc:-100|100:Alice|Bob
STATE:353:f:8s6h|4hTc:50|-50:Bob|Alice
STATE:354:r17314r20000c///:As8s|2s2d/5s3sJd/8c/Qs:20000|-20000:Alice|Bob
STATE:355:cc/cr200r18139r20000c//:8c9s|Jh9h/3hQh2c/Td/Kc:-20000|20000:Bob|Alice
STATE:356:f:7c5d|2dJd:50|-50:Alice|Bob
STATE:357:f:5h4c|4s3d:50|-50:Bob|Alice
STATE:358:r1795f:Js4c|Jh7c:-100|100:Alice|Bob
STATE:359:f:7d5s|6c9h:50|-50:Bob|Alice
STATE:360:cr269f:JdJs|9c3c:100|-100:Alice|Bob
STATE:361:r207c/cr434c/r17857r20000c/:8cJc|Kd7s/6dAdAs/9s/8h:20000|-20000:Bob|Alice
STATE:362:r15459r20000f:KsAh|7s8s:15459|-15459:Alice|Bob
STATE:363:f:Td2h|9d3h:50|-50:Bob|Alice
STATE:364:r7865r19554c/cr19711c/cc/cr19929r20000c:QdTh|9dAd/Ks7d5d/4d/5s:-20000|20000:Alice|Bob
STATE:365:f:TcJd|6d2c:50|-50:Bob|Alice
STATE:366:r11096f:6d2h|2c5d:-100|100:Alice|Bob
STATE:367:f:3h8c|9s8s:50|-50:Bob|Alice
STATE:368:r13944f:6d3d|TdQh:-100|100:Alice|Bob
STATE:369:cr14550r20000c///:2sKd|4dJd/Qd2d6s/6c/Tc:20000|-20000:Bob|Alice
STATE:370:r7619c/cr13477f:9dTh|7dJc/2s4c9s:-7619|7619:Alice|Bob
STATE:371:f:6h9c|9d8c:50|-50:Bob|Alice
STATE:372:r9863c/cc/cr16301c/cc:6dJc|Ah8d/8c9h3s/2d/Qc:-16301|16301:Alice|Bob
STATE:373:r201c/cc/r13124r20000c/:Qs2c|7cTc/6hKsKh/9s/Td:-20000|20000:Bob|Alice
STATE:374:cc/r271r15963r20000f:As7h|8dAh/6dThTc:15963|-15963:Alice|Bob
STATE:375:f:6s6d|Ts7c:50|-50:Bob|Alice
STATE:376:cc/cr19034r20000c//:9s8c|Ac6s/7s8sQc/3d/5c:20000|-20000:Alice|Bob
STATE:377:cr14790r20000f:9hTd|Ts8c:-14790|14790:Bob|Alice
STATE:378:r4335r9021c/cr13918r20000c//:8hQh|4h5c/2s3d5h/Ts/Kh:-20000|20000:Alice|Bob
STATE:379:r239r19024c/cc/r19578f:9s8c|Js9c/Kd9hJd/Ad:19024|-19024:Bob|Alice
STATE:380:r8240f:5d8d|Kh5h:-100|100:Alice|Bob
STATE:381:r218f:7c7d|KsQh:-100|100:Bob|Alice
STATE:382:r18734r20000c///:JdJc|6s9s/KcTh3c/7c/7d:20000|-20000:Alice|Bob
STATE:383:r243c/r9847r20000c//:8d5c|5h5d/8h2h4h/Qs/Js:20000|-20000:Bob|Alice
STATE:384:r17729f:8c4c|8hAh:-100|100:Alice|Bob
STATE:385:r230c/r1182r2485r10227f:3h2c|9sAs/Td4sKh:2485|-2485:Bob|Alice
STATE:386:cc/cr3696f:2c9h|3hQs/8cAhTh:-100|100:Alice|Bob
STATE:387:cc/cc/r1734c/r11068f:Jc9h|3h6h/5hTs8c/Ac/Tc:1734|-1734:Bob|Alice
STATE:388:r12738f:Th4h|5s7d:-100|100:Alice|Bob
STATE:389:r226c/cc/cc/cc:9sJh|2h2c/6h3dAh/Td/5h:-226|226:Bob|Alice
STATE:390:r6626f:8h2s|2hKs:-100|100:Alice|Bob
STATE:391:f:5s7c|3s2h:50|-50:Bob|Alice
STATE:392:cr218c/cr4533r10212c/cr16812r20000c/:Td8c|9s7d/7cAh9h/Ts/8h:20000|-20000:Alice|Bob
STATE:393:r272r5617r14099r20000c///:7cJc|8c8d/3sTdQc/6d/Ts:-20000|20000:Bob|Alice
STATE:394:cc/cr2045r4171c/cc/cr14314r20000c:6h7s|8h6d/4hJs3h/Jc/6s:-20000|20000:Alice|Bob
STATE:395:f:Jc3s|8h9s:50|-50:Bob|Alice
STATE:396:cc/cc/cc/cr11039f:3hJs|Kh2d/Qd7s7d/4s/9h:-100|100:Alice|Bob
STATE:397:r242c/r7204c/cr8186r10009r12318r18763f:KsTs|Qh5d/Kc6h8c/9d:12318|-12318:Bob|Alice
STATE:398:cc/cc/cr11167f:8cJd|4c4d/QcAc2s/Ks:-100|100:Alice|Bob
STATE:399:r275r2864r5852f:4s7d|5d5s:-2864|2864:Bob|Alice
STATE:400:cc/cr6182r14004c/cc/r19606c:3hAc|AhKd/Jd7s2d/Js/Qs:-19606|19606:Alice|Bob
STATE:401:r248r587r1350c/r8575r19059c/cr20000f:7cQs|JcKd/4hJd4d/4s:-19059|19059:Bob|Alice
STATE:402:r18098f:Qh3c|Js5s:-100|100:Alice|Bob
STATE:403:r250c/r7677f:Ks6h|Qh8d/JsKhTd:250|-250:Bob|Alice
STATE:404:r2350f:Qc5c|9sKh:-100|100:Alice|Bob
STATE:405:r265f:2h4d|8s8c:-100|100:Bob|Alice
STATE:406:cc/cr6538r12976c/cc/cc:3h9c|4d7h/Jc4c6s/Qs/8h:-12976|12976:Alice|Bob
STATE:407:f:3d8h|4sAh:50|-50:Bob|Alice
STATE:408:cc/r234c/cr1995r3828r18569r20000c/:Td9s|9c7d/Ks3c3s/Jh/4d:20000|-20000:Alice|Bob
STATE:409:r270c/r17634r20000c//:7s2h|9sKd/6s3h8d/2d/Ah:20000|-20000:Bob|Alice
STATE:410:f:2d6c|Jc7s:50|-50:Alice|Bob
STATE:411:f:8c4h|9h7d:50|-50:Bob|Alice
STATE:412:r8766f:3d5d|Kd2h:-100|100:Alice|Bob
STATE:413:f:6d6c|4s2c:50|-50:Bob|Alice
STATE:414:r8827r19308r20000c///:5sQs|4s2c/6sKsAh/Ad/9h:20000|-20000:Alice|Bob
STATE:415:cr6523f:Jd4s|8s2c:100|-100:Bob|Alice
STATE:416:cr285c/cr5748r11467r17387c/r19863r20000c/:AsJs|3h5h/QdKd6h/Jc/Th:20000|-20000:Alice|Bob
STATE:417:f:Qd7s|Kc2d:50|-50:Bob|Alice
STATE:418:r11220c/cc/cc/r20000c:8hQd|3c6h/JsTs6d/Kc/Ac:20000|-20000:Alice|Bob
STATE:419:r211r3592r8785r18542r20000c///:2d8c|Ks8s/Qs9s3c/3h/7h:-20000|20000:Bob|Alice
STATE:420:r2931c/r3398c/r3679r5559c/cr10425r19587r20000c:4sJd|JsKs/5d2s3h/Qs/6s:-20000|20000:Alice|Bob
STATE:421:f:TcTh|2h5c:50|-50:Bob|Alice
STATE:422:r14213f:8cKh|5cKd:-100|100:Alice|Bob
STATE:423:cr17290f:Ah9h|8d5d:100|-100:Bob|Alice
STATE:424:r17848f:3h6d|5cQc:-100|100:Alice|Bob
STATE:425:f:4d5c|9d6c:50|-50:Bob|Alice
STATE:426:f:7sTh|4sAs:50|-50:Alice|Bob
STATE:427:cc/cc/cc/cc:Jc5d|Qs5h/KdJdJh/9d/Tc:-100|100:Bob|Alice
STATE:428:cc/r241r12575f:4s2s|Js3h/TdQh2h:-241|241:Alice|Bob
STATE:429:f:3s8c|9c5d:50|-50:Bob|Alice
STATE:430:r3218c/cr10268c/cc/cc:5d4d|2cKc/Kh2sQs/9c/3h:-10268|10268:Alice|Bob
STATE:431:r217r6825f:7d8s|ThJh:217|-217:Bob|Alice
STATE:432:cr205r12315c/cc/cc/cc:Qd5s|AcTd/Kd2h6c/5d/9d:12315|-12315:Alice|Bob
STATE:433:f:9cAh|3h5h:50|-50:Bob|Alice
STATE:434:cc/cc/cr10147c/cr15911c:2sTs|Qh8s/6s2d9d/6c/Ah:15911|-15911:Alice|Bob
STATE:435:r209c/cr494r8289r20000c//:2h5c|JsQs/7s5sQh/3h/6s:-20000|20000:Bob|Alice
STATE:436:cr237c/r408c/cc/cc:Ah9d|JcAs/3cQh7d/Qd/6s:-408|408:Alice|Bob
STATE:437:r255c/cc/r15856r20000c/:Qc2d|Kh3h/6h6c5h/9h/7d:-20000|20000:Bob|Alice
STATE:438:r14851c/cc/cr16277c/r17229f:7dKd|5cQc/6cJhJc/4s/8d:16277|-16277:Alice|Bob
STATE:439:cr15297f:Ts3s|Th2c:100|-100:Bob|Alice
STATE:440:cc/cr2694f:Jd8d|8c3h/QhJs2d:-100|100:Alice|Bob
STATE:441:r221c/cc/r8931r20000c/:Jc6c|JdQs/5d3h9h/Qd/6d:-20000|20000:Bob|Alice
STATE:442:r14303f:4s3s|2hAh:-100|100:Alice|Bob
STATE:443:f:Ah2d|Qc9h:50|-50:Bob|Alice
STATE:444:r7030r15958c/cr18560r20000c//:KdTc|9d6s/Js4c8s/8d/4s:20000|-20000:Alice|Bob
STATE:445:r235r3066f:6cKc|5sJs:235|-235:Bob|Alice
STATE:446:cc/cc/r218r4381c/cr14628f:Kd5s|6hJc/JhAd3c/Tc/Ah:-4381|4381:Alice|Bob
STATE:447:r205c/r8463f:AcJh|As6h/5d2s7s:205|-205:Bob|Alice
STATE:448:cc/cr4630f:8c7d|4dQs/4h8dAh:-100|100:Alice|Bob
STATE:449:r230c/r3316r7321c/cc/r14895r20000c:Td5d|KcAh/5c7cJh/9c/8d:20000|-20000:Bob|Alice
STATE:450:cc/cc/cr15003r20000c/:Jd4c|5c7d/JcJhTs/Kh/Qh:20000|-20000:Alice|Bob
STATE:451:cr3013r6027c/cc/cc/r9946r20000c:Th5h|6dKs/9hAc4d/9c/9s:-20000|20000:Bob|Alice
STATE:452:cc/cc/r235c/cc:Kh8c|3dTd/6sTcJc/Jd/7d:-235|235:Alice|Bob
STATE:453:r242c/cc/cc/cc:Qd5h|Ah8s/5dTc6c/Th/3h:242|-242:Bob|Alice
STATE:454:r9984f:9s3c|7cQc:-100|100:Alice|Bob
STATE:455:r301r14115r20000c///:5sAs|TdTc/4d2dJc/8d/Th:-20000|20000:Bob|Alice
STATE:456:r14191r20000c///:KsKd|8cTh/2d6c2c/5c/7h:20000|-20000:Alice|Bob
STATE:457:r205c/r6305f:9c6h|Qd7d/4sKhJc:205|-205:Bob|Alice
STATE:458:r4564f:5c9h|9d5d:-100|100:Alice|Bob
STATE:459:f:8sAd|3hJh:50|-50:Bob|Alice
STATE:460:r12200c/r17876c/r20000c/:8sJc|5d7d/Jh7c5h/Ad/7h:-20000|20000:Alice|Bob
STATE:461:r273r4619r9072r15254r20000c///:5c4h|KdJc/Js6h3s/Tc/Ac:-20000|20000:Bob|Alice
STATE:462:r12297r20000c///:7sJc|4h2s/2hQs5h/2c/7d:-20000|20000:Alice|Bob
STATE:463:r206r3313c/r8482f:Ah4d|3cKs/2s4sJc:3313|-3313:Bob|Alice
STATE:464:cr282r11136r20000f:Kc7h|5h7d:11136|-11136:Alice|Bob
STATE:465:cr6357f:2cTs|6c3c:100|-100:Bob|Alice
STATE:466:r6973r15902c/cc/cr19457r20000c/:9s9h|JsAd/5s6c4d/8d/Kc:20000|-20000:Alice|Bob
STATE:467:r226c/cc/cc/r6783c:8h9s|Kd6d/3dTh9c/Jc/Ad:6783|-6783:Bob|Alice
STATE:468:r4946f:Qc3c|2s8c:-100|100:Alice|Bob
STATE:469:f:4h9c|Qh3d:50|-50:Bob|Alice
STATE:470:cc/cc/cc/r241r18629r20000c:5cTs|7h9s/8dTcQs/3c/Ac:20000|-20000:Alice|Bob
STATE:471:cc/cc/cr200c/r10680c:JhTh|3s9h/6cKs4h/2d/Qs:10680|-10680:Bob|Alice
STATE:472:cc/r237f:8sQc|Kh7c/5dAh8c:100|-100:Alice|Bob
STATE:473:f:4sKd|4d5c:50|-50:Bob|Alice
STATE:474:cc/cr3414r7043c/cc/cc:7dJh|3hTh/2d8hTc/Kh/Td:-7043|7043:Alice|Bob
STATE:475:cr2490f:4sKs|6h7c:100|-100:Bob|Alice
STATE:476:r4212r9304r15553f:Qc4c|4h7c:-9304|9304:Alice|Bob
STATE:477:cr11582f:8s5s|5hAc:100|-100:Bob|Alice
STATE:478:cc/cr6958r15096r20000c//:Td8c|4c2d/Qh8d2c/Qc/Js:20000|-20000:Alice|Bob
STATE:479:f:9h6s|5hTd:50|-50:Bob|Alice
STATE:480:cc/r222r11412r20000c//:9h6h|Kc2d/8d5cKd/Th/6c:-20000|20000:Alice|Bob
STATE:481:cc/cc/r7245f:2sQc|2d8s/As5hKc/8c:100|-100:Bob|Alice
STATE:482:cr300r11836r20000c///:AdTd|7h5d/Kd6c3c/7s/3h:-20000|20000:Alice|Bob
STATE:483:cr13032c/cc/cc/cc:5c5h|3c3h/4h5d4c/Td/7h:13032|-13032:Bob|Alice
STATE:484:r2481r5734c/r6105c/cc/cc:5cQh|QsTc/4s7hTd/4c/2h:-6105|6105:Alice|Bob
STATE:485:cc/cc/r14527r20000c/:As4h|9cQs/2s8d7h/Jc/2c:20000|-20000:Bob|Alice
STATE:486:r13867f:5s8s|5d6c:-100|100:Alice|Bob
STATE:487:r265f:Kd6c|QdAs:-100|100:Bob|Alice
STATE:488:cr293c/cr16704c/cc/cr17826r20000c:AhKc|3cKd/9c5cQs/3s/As:20000|-20000:Alice|Bob
STATE:489:f:QhKc|9c2d:50|-50:Bob|Alice
STATE:490:r18374f:Qd3s|QcJc:-100|100:Alice|Bob
STATE:491:f:8d2h|Kh2s:50|-50:Bob|Alice
STATE:492:cr277r18247r20000c///:Qh6c|5d4c/Td9sAc/5s/Jh:-20000|20000:Alice|Bob
STATE:493:f:Ac9d|2h3c:50|-50:Bob|Alice
STATE:494:r14971c/cc/cc/r20000c:QdJc|7hTh/3cAd9s/3s/Js:20000|-20000:Alice|Bob
STATE:495:cc/r7389r16008r20000c//:Ac6h|7c2c/KcAd3c/6s/4c:-20000|20000:Bob|Alice
STATE:496:cc/cc/cr17478r20000c/:4s6s|7d2c/Tc4cTd/9s/Kh:20000|-20000:Alice|Bob
STATE:497:f:Jd9h|7h3s:50|-50:Bob|Alice
STATE:498:r839f:4d5d|7s9d:-100|100:Alice|Bob
STATE:499:r248c/r920f:2c9c|KhQs/2hQc6c:248|-248:Bob|Alice
STATE:500:cc/r200r17805r20000c//:9d2d|Th6h/4s3s6s/Jh/Js:-20000|20000:Alice|Bob
STATE:501:cc/r18884f:3h5c|Qc9c/3cJhTc:100|-100:Bob|Alice
STATE:502:cc/cc/cr10449r20000c/:5s7h|9s3d/Kc9d8d/Js/4h:-20000|20000:Alice|Bob
STATE:503:cr4041r9161r15512f:3c5c|Kd2h:9161|-9161:Bob|Alice
STATE:504:cr220c/cc/cc/cc:9dAd|6d7c/2c8cJh/4c/8d:220|-220:Alice|Bob
STATE:505:r238f:3c8h|Jh7c:-100|100:Bob|Alice
STATE:506:r5571f:9h6s|QcAc:-100|100:Alice|Bob
STATE:507:r234c/r3864r7738c/cc/r8420r16013c:4h4s|7dKh/5d9cQc/Js/7h:-16013|16013:Bob|Alice
STATE:508:cc/cr15671r20000c//:6sJs|QhQc/6cTh3d/8s/9d:-20000|20000:Alice|Bob
STATE:509:f:8cKd|5dJs:50|-50:Bob|Alice
STATE:510:cc/cc/r202r11871r20000c/:Qd5h|Ts4s/3sAcTc/2s/Qs:-20000|20000:Alice|Bob
STATE:511:f:Qh8h|9s5s:50|-50:Bob|Alice
STATE:512:r9987f:6c9s|8cTc:-100|100:Alice|Bob
STATE:513:f:3hTh|2h2c:50|-50:Bob|Alice
STATE:514:r4744f:9d5d|QsTh:-100|100:Alice|Bob
STATE:515:r237c/cc/r15370r20000c/:2cJc|Qd5h/QhTsQs/7s/7c:-20000|20000:Bob|Alice
STATE:516:f:5c6c|JsAd:50|-50:Alice|Bob
STATE:517:f:Kd3h|8sKc:50|-50:Bob|Alice
STATE:518:cc/r200c/cc/r300r9247c:5c2h|ThTc/Jc8c6s/Td/4h:-9247|9247:Alice|Bob
STATE:519:f:6c9d|2s3d:50|-50:Bob|Alice
STATE:520:cc/cc/cc/cr13225c:2s9h|2c4d/6c5hJd/8h/3h:-13225|13225:Alice|Bob
STATE:521:cc/cc/cc/r16148r20000c:8d4d|JcTd/2h3d7s/2d/Js:-20000|20000:Bob|Alice
STATE:522:cc/cr9264r19155r20000c//:Ac3s|TdJc/5c3c6d/Kc/Ah:20000|-20000:Alice|Bob
STATE:523:f:3d7s|4d5h:50|-50:Bob|Alice
STATE:524:cc/cc/cc/r286c:3cJd|KdAs/Qh2hJh/2c/3s:286|-286:Alice|Bob
STATE:525:r259c/r400c/r15817r20000c/:AdKs|8cKd/5h2h4c/2s/8h:-20000|20000:Bob|Alice
STATE:526:cc/cr11626r20000c//:2s5d|ThQs/5hAdJc/Ts/Qh:-20000|20000:Alice|Bob
STATE:527:r233r12845r20000c///:9h3h|AdJc/Td3s5d/2h/2c:20000|-20000:Bob|Alice
STATE:528:r2511f:8h3d|4s5c:-100|100:Alice|Bob
STATE:529:f:KhQh|6c7h:50|-50:Bob|Alice
STATE:530:r10308r20000c///:Kc2d|KsAd/Ah9d4s/7d/7h:-20000|20000:Alice|Bob
STATE:531:r235r873f:7c6d|Ad7s:235|-235:Bob|Alice
STATE:532:r19169f:9h3d|6hQc:-100|100:Alice|Bob
STATE:533:cc/r12037f:Kh2c|6sAh/4sQc9d:100|-100:Bob|Alice
STATE:534:cc/cc/r225r12861r20000c/:3h6h|3c7s/5hTs4c/6d/Jh:-20000|20000:Alice|Bob
STATE:535:r279c/cc/r5714c/cr5966c:Ah5h|8cAc/2h8h9s/Ts/Js:-5966|5966:Bob|Alice
STATE:536:cc/cr1498r3535r11037r20000c//:Qh9c|3h2d/Qd5dQc/Jh/Kh:20000|-20000:Alice|Bob
STATE:537:cc/cc/cc/r15137f:8hJc|4hQc/Ks8cAs/Ts/2c:100|-100:Bob|Alice
STATE:538:r16422f:7d4d|2s6c:-100|100:Alice|Bob
STATE:539:cc/r4919r9770r18279r20000c//:4c5s|7h8d/9s9h8c/7c/Jh:-20000|20000:Bob|Alice
STATE:540:cc/r200r19647c/cr19874c/cr19991c:4d5s|6cTs/AhJd7d/7c/2c:-19991|19991:Alice|Bob
STATE:541:f:Th3s|6h4h:50|-50:Bob|Alice
STATE:542:cr301f:8s8d|Qd3s:100|-100:Alice|Bob
STATE:543:f:5h6c|Jh6d:50|-50:Bob|Alice
STATE:544:cr274r15385r20000c///:QcQh|6d3s/Jd4cTc/Td/9d:20000|-20000:Alice|Bob
STATE:545:cr12795f:TdKc|8d5c:100|-100:Bob|Alice
STATE:546:cr308c/cc/r577r5749r13832c/r20000c:7s7d|QhAc/6dQs4c/Jd/5c:-20000|20000:Alice|Bob
STATE:547:f:Td6s|Ad6h:50|-50:Bob|Alice
STATE:548:r8142c/cc/r13074c/cr17485r20000c:6d2c|Kh8c/2hQc3h/5c/8s:-20000|20000:Alice|Bob
STATE:549:r228r9336r20000c///:AhKc|JdKd/QdTh9c/Ad/Qc:-20000|20000:Bob|Alice
STATE:550:r15978c/cr19546f:4cJd|QdAd/Td4s9s:-15978|15978:Alice|Bob
STATE:551:f:3dJh|9sQc:50|-50:Bob|Alice
STATE:552:r2632r6002r10210c/cc/cr16456c/r18266r20000c:Kh4s|8c7h/3d6s3s/Qs/8h:-20000|20000:Alice|Bob
STATE:553:f:6cJd|3d2s:50|-50:Bob|Alice
STATE:554:f:5s2d|QdTs:50|-50:Alice|Bob
STATE:555:f:As2h|4sTc:50|-50:Bob|Alice
STATE:556:cc/cr15759r20000c//:5s9h|Qd7s/8h9d5c/Kc/As:20000|-20000:Alice|Bob
STATE:557:r229r9901f:4h5c|2cKd:229|-229:Bob|Alice
STATE:558:cc/cc/cc/cc:2hKd|AsAd/Jd9s2c/8c/2s:100|-100:Alice|Bob
STATE:559:cc/r7111r15732r20000c//:KcKd|7hJs/9cAs8h/7d/9h:20000|-20000:Bob|Alice
STATE:560:r8270r17831r20000c///:9dJs|2d8s/QdQhAs/4h/9h:20000|-20000:Alice|Bob
STATE:561:f:2dTh|2sTs:50|-50:Bob|Alice
STATE:562:r992f:3h8c|2s5s:-100|100:Alice|Bob
STATE:563:f:9c5h|7d6d:50|-50:Bob|Alice
STATE:564:r8852f:5h8h|2dAs:-100|100:Alice|Bob
STATE:565:cc/cc/r19556c/r19862r20000c:4h3d|Jh8h/2c5s5h/6d/Td:20000|-20000:Bob|Alice
STATE:566:r3639c/cr10698r20000c//:7cQc|3s8d/2s2h7h/5c/2c:20000|-20000:Alice|Bob
STATE:567:cr502f:5dKh|8s7s:100|-100:Bob|Alice
STATE:568:r7098f:7dKd|3c6s:-100|100:Alice|Bob
STATE:569:cr6123r14157r20000c///:Ah4s|Ts6s/4dTd5c/2d/6c:-20000|20000:Bob|Alice
STATE:570:r13394f:Js7c|Tc8h:-100|100:Alice|Bob
STATE:571:f:9sQc|8d7c:50|-50:Bob|Alice
STATE:572:r13165c/cc/cr14070c/r20000c:3dKd|8d5s/4cTcQd/3s/7h:20000|-20000:Alice|Bob
STATE:573:r226f:Qc3c|9cTd:-100|100:Bob|Alice
STATE:574:r3331f:Js9h|Kh3c:-100|100:Alice|Bob
STATE:575:f:4s2c|6s8c:50|-50:Bob|Alice
STATE:576:cc/cr7070c/cc/r7170r10812f:3s6h|6s8c/5hKsKc/As/9d:-7170|7170:Alice|Bob
STATE:577:f:3dTs|Tc7d:50|-50:Bob|Alice
STATE:578:r12241c/cr15714r19187r20000c//:2d5c|3cQc/6sKs6h/Qd/5h:-20000|20000:Alice|Bob
STATE:579:cr15670f:3h7d|9d6s:100|-100:Bob|Alice
STATE:580:cr238r19370c/cr19819c/cc/cr19960f:4dQh|8c5c/9hKc2d/9d/Qs:-19819|19819:Alice|Bob
STATE:581:f:Qc4d|8c7d:50|-50:Bob|Alice
STATE:582:r5106c/cc/cr18721c/cr19163r20000c:8dQs|3hQd/3cKc6d/Td/Qc:-20000|20000:Alice|Bob
STATE:583:cr395f:9h3d|9c5d:100|-100:Bob|Alice
STATE:584:r14482c/cc/r19945r20000c/:Qh8h|7s4c/Tc3cJh/Js/Ts:20000|-20000:Alice|Bob
STATE:585:r243f:5h4s|9sQd:-100|100:Bob|Alice
STATE:586:cc/cc/cr18924c/r20000f:3h7s|Js5s/Th9cTd/9s/As:18924|-18924:Alice|Bob
STATE:587:f:5cTc|4d3h:50|-50:Bob|Alice
STATE:588:cc/cc/cc/r210r13850c:Qh8s|9s2h/4c3h7d/Kc/3s:13850|-13850:Alice|Bob
STATE:589:r240c/cr347r4209f:Ad6s|Js8s/5dTs6c:347|-347:Bob|Alice
STATE:590:cc/r254c/cc/r670c:Jh8s|TcQs/4hJd3h/9s/6c:670|-670:Alice|Bob
STATE:591:r218c/cc/r9005f:7cTs|AhJs/9h3dQd/2h:218|-218:Bob|Alice
STATE:592:cr342r18092r20000c///:JcJh|KdAh/9dKc8d/4c/9c:-20000|20000:Alice|Bob
STATE:593:f:Qs2c|Jd6s:50|-50:Bob|Alice
STATE:594:cr245r7704r15411c/cr17190r20000c//:6sQs|9dJh/7sAsTh/5c/5d:20000|-20000:Alice|Bob
STATE:595:f:6h8h|9h2d:50|-50:Bob|Alice
STATE:596:cc/cc/cr7399r15379c/cr18197c:3sQc|4c2c/Ts8sTd/5s/Ah:18197|-18197:Alice|Bob
STATE:597:r212r9583c/r11312r20000c//:7sQd|Ac6s/6h9dJc/Jh/Kc:-20000|20000:Bob|Alice
STATE:598:r3309f:3cJd|JsAs:-100|100:Alice|Bob
STATE:599:r243f:3dTc|8s9s:-100|100:Bob|Alice
STATE:600:r8983f:4h8d|4dKh:-100|100:Alice|Bob
STATE:601:f:TsKh|Qh6h:50|-50:Bob|Alice
STATE:602:r19400f:4d3s|4sJh:-100|100:Alice|Bob
STATE:603:f:6sJc|Kc3d:50|-50:Bob|Alice
STATE:604:r6703r15510f:Qs4s|8c6s:6703|-6703:Alice|Bob
STATE:605:f:Kh7c|5sQs:50|-50:Bob|Alice
STATE:606:cr227r10098r20000c///:5hAh|8hTh/3s4sTd/6s/As:20000|-20000:Alice|Bob
STATE:607:cr14347f:8dQh|6s8c:100|-100:Bob|Alice
STATE:608:r1855c/cc/cc/cr3935f:3h9d|3sAh/Qc7c8d/6s/Td:-1855|1855:Alice|Bob
STATE:609:f:KsJc|6s4d:50|-50:Bob|Alice
STATE:610:cc/cc/cc/cr11864r20000c:Qc7s|7d8s/5cAs8c/6c/9h:0|0:Alice|Bob
STATE:611:f:9h5d|2s3d:50|-50:Bob|Alice
STATE:612:cc/cr10138r20000f:7cJc|TcQs/9h9cJd:10138|-10138:Alice|Bob
STATE:613:f:3d9s|4s2d:50|-50:Bob|Alice
STATE:614:r8989r17982r20000c///:KcQd|7hTd/Th9h5d/Qs/3h:20000|-20000:Alice|Bob
STATE:615:f:Td4h|8c9s:50|-50:Bob|Alice
STATE:616:r10253c/cc/cr17587f:5h6h|Th3s/5dTd4s/Jc:-10253|10253:Alice|Bob
STATE:617:cr1733c/cc/cc/cc:TdQd|Kd6s/Qs5h9s/2h/3c:1733|-1733:Bob|Alice
STATE:618:r18288r20000c///:AhQh|7cQd/QcKh2h/7h/2d:20000|-20000:Alice|Bob
STATE:619:r215r4643f:2h7c|5hKs:215|-215:Bob|Alice
STATE:620:r4752r10554f:8hKc|9s8s:4752|-4752:Alice|Bob
STATE:621:r218r19792r20000c///:9sTd|KdJs/3dQc3h/2h/4h:-20000|20000:Bob|Alice
STATE:622:r12551f:2s4c|Jd5c:-100|100:Alice|Bob
STATE:623:f:Js9s|9d6h:50|-50:Bob|Alice
STATE:624:cc/cc/cr398r819f:4hKd|7h8s/Ts7d4s/3h:398|-398:Alice|Bob
STATE:625:f:9h6c|4h7d:50|-50:Bob|Alice
STATE:626:r11930r20000c///:AcQd|2s8c/Qs3hKs/Ah/9s:20000|-20000:Alice|Bob
STATE:627:r207c/r1820r4274r7465r18148c/cc/r19733r20000c:9sAc|3cKh/Kc5s8h/2h/9h:-20000|20000:Bob|Alice
STATE:628:cc/cc/cr18565c/cc:8d4c|5c8s/9dAs5h/2c/7h:-18565|18565:Alice|Bob
STATE:629:f:3hJc|2d5h:50|-50:Bob|Alice
STATE:630:cc/cr19233c/r19333c/cc:JsTs|QsAd/4d7d6c/Qh/9d:-19333|19333:Alice|Bob
STATE:631:f:7s9h|Td8c:50|-50:Bob|Alice
STATE:632:r19889f:6d4s|8cTh:-100|100:Alice|Bob
STATE:633:r246r12251r20000c///:8c9c|Ah8s/Jc2h3h/Qh/6h:-20000|20000:Bob|Alice
STATE:634:r10365f:8c6c|9dAs:-100|100:Alice|Bob
STATE:635:r223f:4h9c|KcAs:-100|100:Bob|Alice
STATE:636:r982c/cr18111r20000c//:Qc6c|2cTc/AhKdAs/Qs/Ac:20000|-20000:Alice|Bob
STATE:637:cr6286c/cc/r14053c/cc:9dJd|Th9c/3hAs4s/Ad/9s:14053|-14053:Bob|Alice
STATE:638:cr285c/r465c/cc/cc:Ac3c|7d3s/4h6c8d/6s/9s:465|-465:Alice|Bob
STATE:639:f:5dQh|8c4h:50|-50:Bob|Alice
STATE:640:r4196c/cr7847c/cc/r10970r15139f:7d8h|AsKs/3hJh4c/Th/8c:-10970|10970:Alice|Bob
STATE:641:r223r17442r20000c///:AsKd|AhTc/4c5h2s/2d/2c:20000|-20000:Bob|Alice
STATE:642:r19524r20000c///:2sAd|3d6s/5h7h8d/6d/7c:-20000|20000:Alice|Bob
STATE:643:r224c/r18942r20000c//:8h2d|Kc8d/3c6dTh/6h/2h:20000|-20000:Bob|Alice
STATE:644:r5212f:3sJd|3h5d:-100|100:Alice|Bob
STATE:645:r219r3714r9189c/r19360r20000c//:9h8h|4dAd/2hQc5h/5s/7h:20000|-20000:Bob|Alice
STATE:646:r271r527r6611r13343r20000c///:Kd6h|9d4h/9c7s8h/Qd/8c:-20000|20000:Alice|Bob
STATE:647:cc/r11561f:JcTd|3hKd/Jh9dAd:100|-100:Bob|Alice
STATE:648:cr315r2008r4196r6701r14297r20000c///:KcKd|3c2s/3d6h7c/Jh/8c:20000|-20000:Alice|Bob
STATE:649:cc/r3945r8452c/r10457r13477r19743r20000c/:Ah5c|Kc5h/5sQs4s/7d/6h:20000|-20000:Bob|Alice
STATE:650:cc/cc/r354r6166r12042c/r17500c:9hJs|QhKh/3c2c7d/9d/9c:17500|-17500:Alice|Bob
STATE:651:f:5dQd|4h9h:50|-50:Bob|Alice
STATE:652:r10707f:Jc4c|KdJh:-100|100:Alice|Bob
STATE:653:f:Kd8h|Tc5d:50|-50:Bob|Alice
STATE:654:cc/r204r17402f:6sJh|8hQc/9h4s7c:-204|204:Alice|Bob
STATE:655:cc/r18956f:As6d|5h2s/4s6s9d:100|-100:Bob|Alice
STATE:656:r19842r20000c///:QhKs|9h5h/6d2d7h/Qc/4s:20000|-20000:Alice|Bob
STATE:657:f:Ks3c|4h8s:50|-50:Bob|Alice
STATE:658:r14902r20000c///:QcQd|8d5s/7sAdTh/7c/2h:20000|-20000:Alice|Bob
STATE:659:f:Kh2d|5d2h:50|-50:Bob|Alice
STATE:660:r14133f:6sTc|4d9s:-100|100:Alice|Bob
STATE:661:r225r3004c/cc/r18489r20000c/:5h3s|Jc9c/Qd7cKs/Kd/Qs:-20000|20000:Bob|Alice
STATE:662:r12869r20000c///:Ac7s|Kd3d/Ts6d8h/9s/Ks:20000|-20000:Alice|Bob
STATE:663:f:3c8h|QhJd:50|-50:Bob|Alice
STATE:664:r16844r20000c///:6cAh|8h2d/7hQdQs/2h/3c:-20000|20000:Alice|Bob
STATE:665:f:3s7c|Tc7d:50|-50:Bob|Alice
STATE:666:r3884f:6s8d|7hKd:-100|100:Alice|Bob
STATE:667:cc/cc/r11316c/r12262c:4s7h|Jh7s/5d2s5c/4c/3d:12262|-12262:Bob|Alice
STATE:668:r4861c/cc/r6766c/r19200c:9sQh|3d5d/8h7hAc/6s/Td:19200|-19200:Alice|Bob
STATE:669:f:KsQc|Td7s:50|-50:Bob|Alice
STATE:670:cc/cc/cr12843r20000c/:8hQd|4h2c/4sTs7d/7s/Td:20000|-20000:Alice|Bob
STATE:671:f:KdAs|Ad3c:50|-50:Bob|Alice
STATE:672:r12160f:9s5s|Qs7d:-100|100:Alice|Bob
STATE:673:cr4314r10217r17711c/cc/r19756f:6s4h|Ts9d/2dAc7s/9s:17711|-17711:Bob|Alice
STATE:674:cc/cc/r200c/cc:8c2h|Td8s/4dKd9s/Qh/5s:-200|200:Alice|Bob
STATE:675:r223c/r2186r5908r17696f:8cJd|Qd5d/QhQcAh:5908|-5908:Bob|Alice
STATE:676:cc/cr8063f:Jh8c|7hJd/2h9dKd:-100|100:Alice|Bob
STATE:677:f:9s3s|8s5d:50|-50:Bob|Alice
STATE:678:cc/cc/cc/cr7911c:Tc4h|6hAc/Qs3h7s/8h/Jd:-7911|7911:Alice|Bob
STATE:679:cc/r5681r13028r20000c//:AcTc|Ah2d/8c2h9c/4h/Td:20000|-20000:Bob|Alice
STATE:680:cc/cc/cr15881f:Kh2s|4s4d/8dAc2c/5d:-100|100:Alice|Bob
STATE:681:r244r16851c/cc/r17421r20000c/:6d4c|Qh7c/3c7hKh/8s/6c:-20000|20000:Bob|Alice
STATE:682:cc/cc/r200c/cc:7c8h|7d2s/9dJhKs/4c/2c:-200|200:Alice|Bob
STATE:683:r284c/cr420r16187f:2dTc|AhKd/4sJs3d:420|-420:Bob|Alice
STATE:684:cc/cr17687f:3dAh|Kd8h/KsQs4c:-100|100:Alice|Bob
STATE:685:f:4s6s|Qc7d:50|-50:Bob|Alice
STATE:686:cr212c/cr6994r15546r20000c//:As4h|9s5c/Ks5hKh/8c/7h:-20000|20000:Alice|Bob
STATE:687:r257c/cc/cc/cc:JhTh|2hQh/6s5h2c/Ah/6d:-257|257:Bob|Alice
STATE:688:r5398f:9h7s|6h6d:-100|100:Alice|Bob
STATE:689:f:Ks8s|Qs4s:50|-50:Bob|Alice
STATE:690:r6085c/cc/cr14532c/cr18906c:7dQd|Td9s/6dTs3h/4s/6c:-18906|18906:Alice|Bob
STATE:691:r243r11216r20000c///:2h5h|2d2s/TdJsAh/Jc/7c:-20000|20000:Bob|Alice
STATE:692:cc/cc/cc/cc:Js6d|3h5h/7hKh4c/Td/Qh:-100|100:Alice|Bob
STATE:693:r283c/cc/cc/r8764r17628f:6d5c|KsAd/Ts2h6h/5s/7d:-8764|8764:Bob|Alice
STATE:694:r1055f:2c3c|Qh7h:-100|100:Alice|Bob
STATE:695:r283r1128r2563c/r6110r10464r15689f:2c8d|8c8s/8h4d9s:10464|-10464:Bob|Alice
STATE:696:cc/cr2093c/cc/cr8629r15165r20000c:7s5h|2hKs/KdQhJs/4s/Jd:-20000|20000:Alice|Bob
STATE:697:r268r19207r20000c///:2h3d|JdKh/Ad5sKs/Ac/4c:20000|-20000:Bob|Alice
STATE:698:cc/cr6036c/cr13196r20000c/:5dTs|8c7c/6d2dKs/Js/6c:20000|-20000:Alice|Bob
STATE:699:r255c/cc/cc/cc:5h8s|8hQd/7c4c3c/Jc/2c:0|0:Bob|Alice
STATE:700:cc/cc/r225c/cc:6dQh|6cTs/7h3c7s/4h/3s:225|-225:Alice|Bob
STATE:701:f:9c7c|4sJd:50|-50:Bob|Alice
STATE:702:cc/cr12953r20000c//:2c7c|5h2h/3dTsAc/7s/Jc:20000|-20000:Alice|Bob
STATE:703:r226c/cc/cc/cc:7h5d|KhKc/Jh2d8d/9c/7d:-226|226:Bob|Alice
STATE:704:cc/cc/cr15925r20000c/:3cJh|6h7d/Kh7cAc/8d/Th:-20000|20000:Alice|Bob
STATE:705:r254r2924r5737r15117r20000c///:JdTh|8sAc/7c3c3h/5s/Ks:-20000|20000:Bob|Alice
STATE:706:cc/cc/r215r4446r9542c/cc:3cAh|5d6h/9s4c8c/Jc/3h:9542|-9542:Alice|Bob
STATE:707:r219r11160r20000c///:Ah8h|QsAd/7h4dKh/2h/5d:20000|-20000:Bob|Alice
STATE:708:cc/cr12746c/cc/cr17788r20000f:Ks3d|TsJd/8s8c6d/5d/Qh:17788|-17788:Alice|Bob
STATE:709:r208f:5d9c|ThAd:-100|100:Bob|Alice
STATE:710:r6683f:4cTh|Js8d:-100|100:Alice|Bob
STATE:711:f:6sJd|6h3d:50|-50:Bob|Alice
STATE:712:r14685r20000c///:Ks5d|8d2h/KhAs4c/8s/Kc:20000|-20000:Alice|Bob
STATE:713:f:4hTc|4c5s:50|-50:Bob|Alice
STATE:714:r7516c/r7616c/cc/cr13143f:2d5h|Th9c/8h9dTc/8c/Qd:-7616|7616:Alice|Bob
STATE:715:f:Ad3c|7h8h:50|-50:Bob|Alice
STATE:716:cr250c/cc/r441r13081c/cr17523f:As4s|Qd3d/7s3cKc/5c/9c:-13081|13081:Alice|Bob
STATE:717:cr5527r12465c/r12775r20000c//:Ad2c|As4d/3hAh9h/Jc/4h:-20000|20000:Bob|Alice
STATE:718:r17945f:4sTd|Qh4h:-100|100:Alice|Bob
STATE:719:cr4278c/cc/r9910c/r18914c:3c7s|8s3s/Ts4c5c/Jc/9s:-18914|18914:Bob|Alice
STATE:720:cc/cc/cr15125f:7d2d|As9s/9dThAc/Kc:-100|100:Alice|Bob
STATE:721:f:Ad6h|Tc3s:50|-50:Bob|Alice
STATE:722:f:AcAh|Kc3c:50|-50:Alice|Bob
STATE:723:f:Td6h|Ts8c:50|-50:Bob|Alice
STATE:724:cr245c/cc/r718r3634r8811c/cr9091r20000f:Ad3h|Kc4d/As5cJh/8h/Js:9091|-9091:Alice|Bob
STATE:725:r290r2665r5545r13520r20000c///:8c6c|KsKd/Tc9hJs/7s/Jd:20000|-20000:Bob|Alice
STATE:726:cr289c/cc/r856r13458r20000c/:AhTs|3d8s/3c5h8h/Ad/2h:-20000|20000:Alice|Bob
STATE:727:f:3c9d|Jc4c:50|-50:Bob|Alice
STATE:728:r214c/cc/cr17385r20000c/:6d8d|3h9h/2s7dKc/3s/Kh:-20000|20000:Alice|Bob
STATE:729:f:5d5h|6d2h:50|-50:Bob|Alice
STATE:730:r15300r20000c///:ThAd|QsAh/AcKh3d/3c/7d:0|0:Alice|Bob
STATE:731:f:9s2h|Jd9h:50|-50:Bob|Alice
STATE:732:r11343r20000c///:5dKs|Qc5c/Jd8h9h/Qd/3s:-20000|20000:Alice|Bob
STATE:733:r264r12380r20000c///:As4c|5s5h/Tc6cQs/6h/6s:-20000|20000:Bob|Alice
STATE:734:r8050r16681c/cr17375r20000c//:Ac5c|9sJh/2dJc5d/7c/Kh:-20000|20000:Alice|Bob
STATE:735:cr15733c/cc/r17297f:JsKh|7dKd/4h2sAc/4d:15733|-15733:Bob|Alice
STATE:736:cc/cr5339r11076c/r20000c/:3dJd|9h8c/Jh5d9s/3h/Ks:20000|-20000:Alice|Bob
STATE:737:f:5h9s|7d8d:50|-50:Bob|Alice
STATE:738:cr233c/cc/cc/cc:7sAh|8hJc/6s4c2c/9h/2h:233|-233:Alice|Bob
STATE:739:cc/cc/cc/cc:Ac9c|6s2d/KcKd4c/6d/Ad:100|-100:Bob|Alice
STATE:740:r14214f:6s5s|KhTd:-100|100:Alice|Bob
STATE:741:cc/r10722r20000c//:Th6h|3c9h/4dJh4s/Kd/5d:20000|-20000:Bob|Alice
STATE:742:cr208r1631r3944f:AcQh|Ts7c:1631|-1631:Alice|Bob
STATE:743:r242c/cc/r17757r20000c/:Ks9d|9hAs/Kc6c5h/Ad/Kd:20000|-20000:Bob|Alice
STATE:744:r15683f:8h3c|5dQd:-100|100:Alice|Bob
STATE:745:r271c/r3195r6943c/cc/r14002r20000c:9d8h|QdKs/Jh6c9s/2d/3s:20000|-20000:Bob|Alice
STATE:746:f:2c3h|JcKs:50|-50:Alice|Bob
STATE:747:f:QcTs|As4h:50|-50:Bob|Alice
STATE:748:cc/cc/cc/cc:As2d|Qs9s/2sThQd/9h/Ks:-100|100:Alice|Bob
STATE:749:f:Th8d|7h3d:50|-50:Bob|Alice
STATE:750:r18218f:9cKh|4d8c:-100|100:Alice|Bob
STATE:751:r263r19116c/r19867r20000c//:8dQc|QsTh/Jc3sAc/3d/4h:0|0:Bob|Alice
STATE:752:f:3s4c|5c9d:50|-50:Alice|Bob
STATE:753:r215c/r17393f:8cKs|4sQc/6sJh4h:215|-215:Bob|Alice
STATE:754:r17938c/cr18368c/cr18576r20000c/:8d5c|6s6c/TsAhKc/Qs/Qd:-20000|20000:Alice|Bob
STATE:755:r269r15249r20000c///:Ah9h|QcTs/Kh3h3s/Kd/2h:20000|-20000:Bob|Alice
STATE:756:cc/cr5247r10473r17992f:Ts7d|Kd9s/5s8d5h:-10473|10473:Alice|Bob
STATE:757:r280f:5s5c|9h9d:-100|100:Bob|Alice
STATE:758:r12025c/r20000c//:Kh9s|Ac6c/JcQdKs/4h/Ah:-20000|20000:Alice|Bob
STATE:759:f:Kd9c|Jh8d:50|-50:Bob|Alice
STATE:760:cc/r200c/cc/r300c:9c4s|Jh5c/AcKd3h/2s/Kh:-300|300:Alice|Bob
STATE:761:cc/r6484r15033r20000c//:Td2s|7dAs/9s8s6c/7c/Jd:20000|-20000:Bob|Alice
STATE:762:cc/r218c/cr4454f:JhTd|TcAh/2s9dAd/4h:-218|218:Alice|Bob
STATE:763:f:Jd8d|9hTd:50|-50:Bob|Alice
STATE:764:r17645r20000f:ThAc|2d4c:17645|-17645:Alice|Bob
STATE:765:f:Qh8d|2sJc:50|-50:Bob|Alice
STATE:766:f:Qs6s|9hKs:50|-50:Alice|Bob
STATE:767:f:Kc2h|4h8d:50|-50:Bob|Alice
STATE:768:r6679r13536c/r14794r19018c/cr19848f:QhAh|2cTd/6s3c4h/Tc:-19018|19018:Alice|Bob
STATE:769:r254c/cr382c/cr721c/r3399f:6d5h|3hQh/2d6c8s/3s/2h:721|-721:Bob|Alice
STATE:770:cr245r10915r20000c///:TcAs|Td7c/3d9s5s/Ac/4h:20000|-20000:Alice|Bob
STATE:771:r263c/r8794r17454c/cc/r17664r20000c:2s7h|Qs8h/3c5hJs/Jd/5d:-20000|20000:Bob|Alice
STATE:772:r14229c/r20000c//:6h5d|As7d/Ah6sKd/Ac/Ks:-20000|20000:Alice|Bob
STATE:773:f:3d6h|6d2h:50|-50:Bob|Alice
STATE:774:r6148f:8s6d|3d8c:-100|100:Alice|Bob
STATE:775:cr14569f:Ks6c|7sJh:100|-100:Bob|Alice
STATE:776:r18453r20000c///:Ah5d|6s2s/4s3h3d/4d/9c:20000|-20000:Alice|Bob
STATE:777:cr4538f:7h2h|9cTc:100|-100:Bob|Alice
STATE:778:r1302r2963c/cr10129r20000c//:8hKc|2d9s/AdKs8d/3c/Th:20000|-20000:Alice|Bob
STATE:779:f:AhTh|5h2h:50|-50:Bob|Alice
STATE:780:cc/cc/cr16718c/r20000c:7h8s|6hAs/QhQcJd/9d/7d:20000|-20000:Alice|Bob
STATE:781:f:Td5s|7c8c:50|-50:Bob|Alice
STATE:782:cc/cc/r200c/cr4834f:2d7c|2hQh/5h6h4h/6c/Jc:-200|200:Alice|Bob
STATE:783:cr8952f:5hTh|3sAh:100|-100:Bob|Alice
STATE:784:cc/r279r9217r20000c//:4h7h|7c3d/Th7sQd/Tc/3h:0|0:Alice|Bob
STATE:785:cc/cc/r5340r13780r20000c/:Kc9c|5d6d/8dTs7h/9s/2d:-20000|20000:Bob|Alice
STATE:786:r4551r11725c/cr16715r20000c//:QcQh|7dQd/4d2cTc/Kh/Jd:20000|-20000:Alice|Bob
STATE:787:f:9hJc|5d4c:50|-50:Bob|Alice
STATE:788:r15236r20000c///:TcTh|Td6c/Ac8s8d/2s/Kc:20000|-20000:Alice|Bob
STATE:789:f:Js3s|5s4d:50|-50:Bob|Alice
STATE:790:cc/cr855c/cr19845f:Qs4d|AsAc/6h4c3d/7h:-855|855:Alice|Bob
STATE:791:r227c/cc/r1882r4852r10641r20000c/:2c5d|JsQh/Jc9c3d/6d/7s:-20000|20000:Bob|Alice
STATE:792:r5532c/r6049r8448r11711r17004c/cc/cc:9s5s|Jh5h/8cQc7c/7h/6h:17004|-17004:Alice|Bob
STATE:793:f:4sAs|8d5h:50|-50:Bob|Alice
STATE:794:cc/cr2267r4444r15549r20000c//:9h5h|9dAc/Jc2h4s/3d/3s:-20000|20000:Alice|Bob
STATE:795:f:Kd3s|8sKc:50|-50:Bob|Alice
STATE:796:r15441f:Qh2d|Kd7d:-100|100:Alice|Bob
STATE:797:f:Qd7h|2c4d:50|-50:Bob|Alice
STATE:798:cc/cc/cc/cr15501r20000c:6h5s|Jh6d/9c2d5h/Kd/Ah:20000|-20000:Alice|Bob
STATE:799:f:6dTh|7h6h:50|-50:Bob|Alice
STATE:800:r18804c/cr18964f:5sAd|5h8d/ThJs7h:-18804|18804:Alice|Bob
STATE:801:r235c/r8734r18847r20000c//:6d6c|8d8c/4sAc6h/Js/Td:20000|-20000:Bob|Alice
STATE:802:cc/cc/cc/r200f:Qh3c|Kd8s/As5cJh/6s/Td:100|-100:Alice|Bob
STATE:803:r277r11571r20000c///:Tc2s|Ac5c/9d7sAh/6s/6d:-20000|20000:Bob|Alice
STATE:804:cc/cr13039r20000c//:Td7c|QsQh/AsQc7h/2d/3c:-20000|20000:Alice|Bob
STATE:805:cc/r16873f:7h8d|Tc6s/3c5c4d:100|-100:Bob|Alice
STATE:806:cc/cc/cc/cr11708r20000c:2c7c|Qc3h/JcKc2h/8d/7h:20000|-20000:Alice|Bob
STATE:807:r227r632r1305r10280r20000c///:2sKd|AdJh/5hTh9s/Ac/Jc:-20000|20000:Bob|Alice
STATE:808:r18702f:Qh2c|4sQs:-100|100:Alice|Bob
STATE:809:f:Qh8s|3cJh:50|-50:Bob|Alice
STATE:810:r8222f:9s5d|2c6h:-100|100:Alice|Bob
STATE:811:f:5sQs|3h8s:50|-50:Bob|Alice
STATE:812:r19353c/cc/r20000c/:Qc8d|JsAs/6cTd7d/8h/5c:20000|-20000:Alice|Bob
STATE:813:r277c/r1348f:AsJs|Ah6h/2d3d9h:277|-277:Bob|Alice
STATE:814:r8729f:8c7s|6dQd:-100|100:Alice|Bob
STATE:815:r205r14327f:2cAh|3c3d:205|-205:Bob|Alice
STATE:816:cc/cc/cc/cc:5c2s|6h4c/2h4dQs/Td/4s:-100|100:Alice|Bob
STATE:817:r200r18675f:3sJh|Js6s:200|-200:Bob|Alice
STATE:818:cc/cr14946f:Ks8h|8c7s/6sTc5h:-100|100:Alice|Bob
STATE:819:r270r2771r7394r12469r20000c///:Jc8s|AcAh/TcQdKs/8d/6s:-20000|20000:Bob|Alice
STATE:820:r9532c/cr9828f:5dQc|2c6s/TsKhAh:-9532|9532:Alice|Bob
STATE:821:cc/cc/cr213c/cc:9c7c|6hKs/2h3c5d/Qh/5c:-213|213:Bob|Alice
STATE:822:cc/cc/cc/cr6214r13023r19936r20000c:Kh9s|8d6s/JdAh9d/7d/Tc:-20000|20000:Alice|Bob
STATE:823:f:3s3h|4cJc:50|-50:Bob|Alice
STATE:824:cc/r220r5936f:6hJs|2h3s/8cAdQs:-220|220:Alice|Bob
STATE:825:r243r8967r20000c///:3d5h|KsKd/4sTsQd/Th/5d:-20000|20000:Bob|Alice
STATE:826:r219f:6d8s|5s7h:-100|100:Alice|Bob
STATE:827:r267c/r740r1347c/cc/r10407c:4hAs|KdTs/5sJh4c/9s/Ad:10407|-10407:Bob|Alice
STATE:828:cr285c/cr5075c/r7745c/r10530r13694r20000f:ThQs|Qd7c/6sAd3s/Ts/Js:13694|-13694:Alice|Bob
STATE:829:r206c/cc/cc/r9524r18842r20000c:AdQh|TsKd/4sJh5s/3d/2d:20000|-20000:Bob|Alice
STATE:830:cc/cr7808f:Th7c|Ts6c/5dJcQc:-100|100:Alice|Bob
STATE:831:r242r8667r19333r20000c///:8cAc|8sAd/2c4cTh/7c/Jd:20000|-20000:Bob|Alice
STATE:832:r6484c/cc/r9717c/r12545c:TsQh|As8h/Ac8d7s/8c/3s:-12545|12545:Alice|Bob
STATE:833:f:5d9d|6hQd:50|-50:Bob|Alice
STATE:834:r16853f:6s7c|QcAh:-100|100:Alice|Bob
STATE:835:cr17537f:ThKh|3cJh:100|-100:Bob|Alice
STATE:836:f:9c4d|7d9s:50|-50:Alice|Bob
STATE:837:cr6599r14974r20000c///:3d9d|Kh4s/9cJs5c/2d/8s:20000|-20000:Bob|Alice
STATE:838:cc/cr8575r18323r20000c//:6cTd|Kc9s/8s9hQs/6s/Th:20000|-20000:Alice|Bob
STATE:839:f:7h4d|7sTc:50|-50:Bob|Alice
STATE:840:r3710r9320r15443r20000c///:KsQs|As4c/7sTdKd/Jd/Kh:20000|-20000:Alice|Bob
STATE:841:r260r2806r5512c/r9211r19890r20000c//:4h2s|As7h/6h7cKd/4d/Kh:-20000|20000:Bob|Alice
STATE:842:r2564r5873c/cc/cc/r6002r15025r20000c:4dAd|9c6d/7c8s6s/5h/2h:-20000|20000:Alice|Bob
STATE:843:f:3c3s|8s6d:50|-50:Bob|Alice
STATE:844:r10831r20000c///:5dKh|JhQh/Kc8s3d/5s/Ks:20000|-20000:Alice|Bob
STATE:845:r244c/cc/r19552r20000c/:6h3h|QdQh/Kh8d6d/6s/Jd:20000|-20000:Bob|Alice
STATE:846:cc/cr2033r4378r8799r20000c//:Jh9c|Qs4d/Qh9h8c/2h/4s:-20000|20000:Alice|Bob
STATE:847:cr7869c/cr10278r16523r20000c//:2c9s|Jh5c/QhKh7d/3c/6s:-20000|20000:Bob|Alice
STATE:848:r17470r20000f:ThKs|7dAd:17470|-17470:Alice|Bob
STATE:849:r237r5769r12038r19935r20000c///:4hQd|9s9d/Qc6cAc/2h/7s:20000|-20000:Bob|Alice
STATE:850:cr225r991r2230r6313r12647c/cc/cc/cr18768f:JsAs|Kh5s/Tc3s2c/Kc/9c:-12647|12647:Alice|Bob
STATE:851:cc/cc/cr296r9449r20000c/:4cKh|Kc7c/9d5d6s/Ks/4h:20000|-20000:Bob|Alice
STATE:852:r16227r20000c///:AsTd|Th4h/Kc3d4s/Ac/6c:20000|-20000:Alice|Bob
STATE:853:r223r12830r20000c///:Td7h|9h9d/AcAdJs/7s/Kc:-20000|20000:Bob|Alice
STATE:854:cr256r2256r5165c/cr14407r20000c//:Ad9c|AcQd/4sKdAs/4c/9d:20000|-20000:Alice|Bob
STATE:855:f:Ks2d|9s5c:50|-50:Bob|Alice
STATE:856:r10204f:3cAc|Ks9h:-100|100:Alice|Bob
STATE:857:r225r7707r15624c/r16404r20000c//:8c5s|KsTs/JhKh7d/5h/9h:-20000|20000:Bob|Alice
STATE:858:r17851r20000c///:JhQh|6h8s/3d2sAd/4s/5s:-20000|20000:Alice|Bob
STATE:859:f:5s7h|3c4d:50|-50:Bob|Alice
STATE:860:cr298c/cr19770r20000c//:Ad8d|QdTd/9h5d6c/9d/7h:20000|-20000:Alice|Bob
STATE:861:f:7s7h|9dQc:50|-50:Bob|Alice
STATE:862:r8057c/cr8313c/cr16276r20000c/:Td7d|5sQs/5h3hJc/3c/4c:-20000|20000:Alice|Bob
STATE:863:r217r2726f:7h5d|TdJs:217|-217:Bob|Alice
STATE:864:r5708c/cc/r5808c/cc:Qd8d|2hTs/9h7c4c/3h/4s:5808|-5808:Alice|Bob
STATE:865:cc/cr215r1489c/r9049f:QhJh|5h3h/4c8d6s/Jd:1489|-1489:Bob|Alice
STATE:866:cr286c/r747c/r2145r9658r20000c/:9d9s|5h6d/2s9h7s/Qd/Kc:20000|-20000:Alice|Bob
STATE:867:f:AsQh|Jd7h:50|-50:Bob|Alice
STATE:868:cr267r6738c/cr14593f:Ac4h|9h6d/Tc3dAh:-6738|6738:Alice|Bob
STATE:869:cr17563c/r19589c/r19846c/cc:JhKh|5cJc/QsTs7h/2h/5d:-19846|19846:Bob|Alice
STATE:870:cc/cr18231f:4d5h|2hQd/4h2c7s:-100|100:Alice|Bob
STATE:871:f:2d6d|5c3d:50|-50:Bob|Alice
STATE:872:r1063f:2d3d|9c5s:-100|100:Alice|Bob
STATE:873:f:8d8h|Qh7d:50|-50:Bob|Alice
STATE:874:cc/cc/cr13923r20000c/:4sKs|4d8h/QdTdTh/9c/Jd:20000|-20000:Alice|Bob
STATE:875:f:7s3c|As3d:50|-50:Bob|Alice
STATE:876:f:8h5s|6dTh:50|-50:Alice|Bob
STATE:877:r263c/cr530r17288r20000c//:7d7h|QsQh/8h5c9d/Kh/3s:-20000|20000:Bob|Alice
STATE:878:r18625r20000c///:9cQh|AhTs/7c8s5c/2d/Kd:-20000|20000:Alice|Bob
STATE:879:cr5217f:8d4d|9cQh:100|-100:Bob|Alice
STATE:880:cc/r211c/cc/cr13373r20000c:Qs7s|3sKc/7hJd2d/9c/5h:20000|-20000:Alice|Bob
STATE:881:cr16043f:Ac5s|9c2d:100|-100:Bob|Alice
STATE:882:f:TsJs|3h4h:50|-50:Alice|Bob
STATE:883:f:7sQd|Jc7d:50|-50:Bob|Alice
STATE:884:cc/cr5045c/r5145r6764r8383c/cr13812f:3d2d|Kh6d/KsAc6c/Ad/5c:-8383|8383:Alice|Bob
STATE:885:r253r14039r20000c///:6hTc|ThKs/8cJcAd/5s/Td:-20000|20000:Bob|Alice
STATE:886:r2595f:Td6c|7dKs:-100|100:Alice|Bob
STATE:887:r283c/r13823r20000c//:2s7c|JhJs/As4h9s/Qh/Qd:-20000|20000:Bob|Alice
STATE:888:r1550r3066r19243r20000c///:As5s|6dJc/4c3hKh/7s/Kd:20000|-20000:Alice|Bob
STATE:889:f:Kh5c|9cJd:50|-50:Bob|Alice
STATE:890:cc/cr6270r12503r19463c/cc/cr19819f:9h8d|7c4d/5hQh2d/Ac/3h:-19463|19463:Alice|Bob
STATE:891:r226c/r8818r17879r20000c//:2cJc|Ks9s/2h7sAs/6s/3c:-20000|20000:Bob|Alice
STATE:892:r17511f:7h8c|Ad6c:-100|100:Alice|Bob
STATE:893:cr9909f:Jh2c|Tc9c:100|-100:Bob|Alice
STATE:894:cc/cc/cr16649r20000c/:8d9c|6c7s/4c9h5d/7d/7h:-20000|20000:Alice|Bob
STATE:895:r252c/r17228r20000f:4s2d|4hKc/Jd9d8h:-17228|17228:Bob|Alice
STATE:896:r17899r20000c///:Jc5c|5sAd/Ts4h6s/5h/7c:-20000|20000:Alice|Bob
STATE:897:r224c/r11743r20000c//:Ts3c|6s6h/Jh5c4s/2c/7d:-20000|20000:Bob|Alice
STATE:898:r16438c/cc/r20000c/:9c5d|Td5s/3h9hKd/8c/Jd:20000|-20000:Alice|Bob
STATE:899:r228c/r2420f:KdTd|7cTc/9sQs5d:228|-228:Bob|Alice
STATE:900:cc/r213r11162r20000c//:5h3h|6c5d/QhAd2h/5c/9c:0|0:Alice|Bob
STATE:901:r207f:JdQc|Jc7c:-100|100:Bob|Alice
STATE:902:cc/cr17855r20000c//:Ah4s|Ks4d/2s5cJc/8h/Ad:20000|-20000:Alice|Bob
STATE:903:cc/cr232r17831r20000c//:Ad6c|Kc2c/2d7hJd/8c/2h:-20000|20000:Bob|Alice
STATE:904:r10927f:8dQh|JhTd:-100|100:Alice|Bob
STATE:905:cr17834c/cc/cc/r19276r20000c:3s4s|3d2c/5hTs4h/5s/6s:20000|-20000:Bob|Alice
STATE:906:r8953r18841r20000c///:Kd4c|8cJc/3sAhQc/9d/7d:20000|-20000:Alice|Bob
STATE:907:f:Ks5h|8s5s:50|-50:Bob|Alice
STATE:908:r5007f:8d3s|2s6c:-100|100:Alice|Bob
STATE:909:cr3669f:9hAs|5d9d:100|-100:Bob|Alice
STATE:910:cr269c/cc/cr15516f:Kd4s|4dJc/7d3h8h/2d:-269|269:Alice|Bob
STATE:911:cr12273f:9s8d|3h2d:100|-100:Bob|Alice
STATE:912:cc/r245c/r747r13339f:8cTc|4cJc/8s5cTh/Ad:-747|747:Alice|Bob
STATE:913:cr8345r17461c/cr20000c//:ThAd|4sQs/JsQh5h/Kd/9s:20000|-20000:Bob|Alice
STATE:914:cc/cc/cr2740f:3hKd|3sKh/7s5cJh/Ac:-100|100:Alice|Bob
STATE:915:f:AdTc|Th9c:50|-50:Bob|Alice
STATE:916:cc/r351r8547r16760r20000c//:Qs6h|4s2h/QdAc6s/3c/2s:20000|-20000:Alice|Bob
STATE:917:f:4s9c|2c2d:50|-50:Bob|Alice
STATE:918:r3638f:6c4c|Tc7d:-100|100:Alice|Bob
STATE:919:cc/r835f:TdQd|9h2h/Qh2cAd:100|-100:Bob|Alice
STATE:920:cc/cc/cc/cc:7d8s|Jd6h/KsTh7h/As/Ts:100|-100:Alice|Bob
STATE:921:r240r10827r20000c///:Jh5d|AcAs/8sKdKc/Jc/Qd:-20000|20000:Bob|Alice
STATE:922:cc/cr3552f:2sKh|8c7d/9c2hJc:-100|100:Alice|Bob
STATE:923:f:2hKd|Ac7d:50|-50:Bob|Alice
STATE:924:cr244r16368r20000c///:9hAs|7c2h/3d4dTh/9d/3s:20000|-20000:Alice|Bob
STATE:925:f:QsAs|7d4h:50|-50:Bob|Alice
STATE:926:cc/cr10976f:5hKc|2hTd/4sJd2d:-100|100:Alice|Bob
STATE:927:f:6c9d|3s7c:50|-50:Bob|Alice
STATE:928:r2893f:7h6s|Qs2c:-100|100:Alice|Bob
STATE:929:f:5dTs|8s5c:50|-50:Bob|Alice
STATE:930:r15501f:6c4s|Qs2h:-100|100:Alice|Bob
STATE:931:f:ThTc|2d3s:50|-50:Bob|Alice
STATE:932:f:2dJh|7h5d:50|-50:Alice|Bob
STATE:933:f:TsJh|4c5d:50|-50:Bob|Alice
STATE:934:cr318r1547r3652r17612r20000c///:AcTc|Kh5c/9d7c8s/3s/4h:20000|-20000:Alice|Bob
STATE:935:r250c/cc/cc/cc:5h2h|Ad9s/3sTc7c/3h/7h:-250|250:Bob|Alice
STATE:936:r16956r20000c///:KsTd|4d6h/JcTs9c/2d/3d:20000|-20000:Alice|Bob
STATE:937:f:8h6d|3d7c:50|-50:Bob|Alice
STATE:938:r3117c/cc/cc/cr9347f:2cAd|3dKc/6d4d7c/9s/Ks:-3117|3117:Alice|Bob
STATE:939:cc/r5930r12207c/r19191r20000f:QhKh|Ad3h/2c6h8c/7s:-19191|19191:Bob|Alice
STATE:940:r8652r20000f:JdQd|3hTs:8652|-8652:Alice|Bob
STATE:941:r279r4923r10694r16612r20000c///:8s2h|KsJh/8d7c3d/6d/2s:20000|-20000:Bob|Alice
STATE:942:cc/cc/cr19290r20000c/:Kd5s|As7h/TsTd8c/Qh/7c:-20000|20000:Alice|Bob
STATE:943:r215c/cc/cc/r2941r6495c:3h4h|AdJd/6d7d8c/3c/4d:-6495|6495:Bob|Alice
STATE:944:cc/cr8907r18875c/cc/r20000c:Jd6c|Qd8d/Jh3c2h/Ah/8s:20000|-20000:Alice|Bob
STATE:945:r215r2525c/r14906f:Kd2s|Js7c/AcKhTc:2525|-2525:Bob|Alice
STATE:946:cc/cc/r200c/cc:2c5h|Ad7c/7d3cTs/4h/Ks:-200|200:Alice|Bob
STATE:947:cc/r18960r20000f:8cTd|6sKc/9hKs9s:-18960|18960:Bob|Alice
STATE:948:r6842r16306f:8hQd|4sKs:6842|-6842:Alice|Bob
STATE:949:f:KdTs|4s7h:50|-50:Bob|Alice
STATE:950:cc/r272r12372r20000c//:5h9s|Th6d/5c6h8s/9c/Kd:20000|-20000:Alice|Bob
STATE:951:cr15208f:7h4s|Jh8h:100|-100:Bob|Alice
STATE:952:r18960r20000c///:Qc9c|Kc6s/4c7hAh/7c/4s:0|0:Alice|Bob
STATE:953:f:Qd8h|6cJh:50|-50:Bob|Alice
STATE:954:r12093f:6s8s|Jd9h:-100|100:Alice|Bob
STATE:955:cc/r1443r2847r11062f:6sAd|4h8h/6dKdKh:2847|-2847:Bob|Alice
STATE:956:cc/cr4158r9535r17410r20000c//:9c4d|Qs5h/As9sKs/2c/Qd:-20000|20000:Alice|Bob
STATE:957:cc/cr213c/r8176r19924r20000c/:Kh9s|2h5c/Kc5s3h/7d/6c:20000|-20000:Bob|Alice
STATE:958:cc/r215r5786c/r9618c/cr17275r20000c:Kd3h|TcKs/JcAc6s/Kc/9d:-20000|20000:Alice|Bob
STATE:959:r264r16645f:8h6s|Ks5h:264|-264:Bob|Alice
STATE:960:cc/cc/cc/r219r15699r20000f:2c7d|8d3d/9s7hQc/6s/2d:15699|-15699:Alice|Bob
STATE:961:f:9hAs|5d6c:50|-50:Bob|Alice
STATE:962:r12102f:Js3c|5cKs:-100|100:Alice|Bob
STATE:963:f:9sJc|5d8h:50|-50:Bob|Alice
STATE:964:r10060c/r10160c/cc/cc:9s4c|7h6h/3cKdTd/3h/7s:-10160|10160:Alice|Bob
STATE:965:r240r15169r20000c///:3sAh|QhKs/6s2sQc/Qd/Jh:-20000|20000:Bob|Alice
STATE:966:cc/cr12138c/cc/cr18768c:3d7d|7h6s/4s2cJs/Ad/Qd:-18768|18768:Alice|Bob
STATE:967:cc/r14127r20000c//:9d7c|Qc5d/3dJcJs/8h/5h:-20000|20000:Bob|Alice
STATE:968:r14554f:Tc2h|AhJs:-100|100:Alice|Bob
STATE:969:f:KcAh|3h5d:50|-50:Bob|Alice
STATE:970:cc/cc/cr3004f:4c4s|KdAs/AdThTc/9h:-100|100:Alice|Bob
STATE:971:r263c/r11934r20000c//:KcJh|9c9s/AdTd8h/3h/6c:-20000|20000:Bob|Alice
STATE:972:r1189f:3c9d|Tc2s:-100|100:Alice|Bob
STATE:973:cc/cc/cr255c/r5326c:9s9c|Ks9h/Ac4cQh/Ts/4h:5326|-5326:Bob|Alice
STATE:974:cc/cc/cc/cr1404f:Tc7h|As3c/5dQc3s/2c/5h:-100|100:Alice|Bob
STATE:975:f:Qd9d|Ts3h:50|-50:Bob|Alice
STATE:976:cc/cr18573r20000f:9h8d|6c2s/8s2d7c:18573|-18573:Alice|Bob
STATE:977:f:Qs8c|6d5c:50|-50:Bob|Alice
STATE:978:cc/cr9181r18262r20000c//:3s5s|8s2s/Kd6sTc/7s/6d:-20000|20000:Alice|Bob
STATE:979:r289r13822r20000c///:Jh6d|KdAs/TsJc4s/3h/Ad:-20000|20000:Bob|Alice
STATE:980:cc/cc/cc/cc:Qc3s|2c6d/Jc7s7d/Tc/Ts:100|-100:Alice|Bob
STATE:981:cr18451f:Td4s|5d6h:100|-100:Bob|Alice
STATE:982:cc/r259c/r556c/cr15124r20000c:3d4s|2h7s/Jc6s3h/6c/7d:-20000|20000:Alice|Bob
STATE:983:f:2s4c|3c2c:50|-50:Bob|Alice
STATE:984:cc/r230r9180f:3dKh|9s7s/2dQs9d:-230|230:Alice|Bob
STATE:985:r262c/r4127r8607r18794r20000c//:8d9c|5hKs/Jh6h5s/6c/7h:20000|-20000:Bob|Alice
STATE:986:r8576f:6sAd|4c9s:-100|100:Alice|Bob
STATE:987:r216c/r13494f:QcTs|6cKs/AhKcTh:216|-216:Bob|Alice
STATE:988:r6574f:3s4d|8s5d:-100|100:Alice|Bob
STATE:989:f:QsKc|8c2c:50|-50:Bob|Alice
STATE:990:r14485f:3s5d|Td2s:-100|100:Alice|Bob
STATE:991:cr14591c/r15720r20000c//:7d5s|Kh9c/As3hTs/Jh/Js:-20000|20000:Bob|Alice
STATE:992:cc/cr1065c/cr7081r13103r19536f:Kh6h|As2h/Qd2c2d/7d:-13103|13103:Alice|Bob
STATE:993:r200r15056r20000f:8c7d|QcKc:-15056|15056:Bob|Alice
STATE:994:r17016f:6s9d|4dQd:-100|100:Alice|Bob
STATE:995:cc/r17483r20000c//:6c2d|9cKs/4dKc7d/Td/Ah:-20000|20000:Bob|Alice
STATE:996:r10165r20000c///:9h7h|3d8s/JcAc5c/Ah/Ks:20000|-20000:Alice|Bob
STATE:997:cc/r14553r20000c//:5s9c|8dJh/TdQc9d/Jd/9h:-20000|20000:Bob|Alice
STATE:998:cc/cc/cr11573r20000c/:Kc6h|Qc3s/QhAh8d/Th/9d:-20000|20000:Alice|Bob
STATE:999:r205c/cc/cr349r11330r20000f:Jc8d|TdQd/As6d6h/7h:-11330|11330:Bob|Alice
SCORE:881584|-881584:Alice|Bob
